{"D:\\Google-Keep-React\\webpack.config.js":{"path":"D:\\Google-Keep-React\\webpack.config.js","statementMap":{"0":{"start":{"line":1,"column":13},"end":{"line":1,"column":28}},"1":{"start":{"line":2,"column":26},"end":{"line":2,"column":56}},"2":{"start":{"line":4,"column":32},"end":{"line":8,"column":2}},"3":{"start":{"line":10,"column":0},"end":{"line":47,"column":2}}},"fnMap":{},"branchMap":{},"s":{"0":1,"1":1,"2":1,"3":1},"f":{},"b":{},"_coverageSchema":"332fd63041d2c1bcb487cc26dd0d5f7d97098a6c","hash":"ad2ec547f0da64d8f9955383ffea1741bd5b7e77","contentHash":"9a52432d75af6a7925151c44c8990937_11.4.1"},"D:\\Google-Keep-React\\.tmp\\mocha-webpack\\1517289464019\\bundle.js":{"path":"D:\\Google-Keep-React\\.tmp\\mocha-webpack\\1517289464019\\bundle.js","statementMap":{"0":{"start":{"line":1,"column":9},"end":{"line":11005,"column":12}},"1":{"start":{"line":3,"column":33},"end":{"line":3,"column":35}},"2":{"start":{"line":9,"column":11},"end":{"line":11,"column":12}},"3":{"start":{"line":10,"column":12},"end":{"line":10,"column":54}},"4":{"start":{"line":13,"column":24},"end":{"line":17,"column":12}},"5":{"start":{"line":20,"column":11},"end":{"line":20,"column":95}},"6":{"start":{"line":23,"column":11},"end":{"line":23,"column":27}},"7":{"start":{"line":26,"column":11},"end":{"line":26,"column":33}},"8":{"start":{"line":31,"column":10},"end":{"line":31,"column":42}},"9":{"start":{"line":34,"column":10},"end":{"line":34,"column":51}},"10":{"start":{"line":37,"column":10},"end":{"line":45,"column":12}},"11":{"start":{"line":38,"column":11},"end":{"line":44,"column":12}},"12":{"start":{"line":39,"column":12},"end":{"line":43,"column":15}},"13":{"start":{"line":48,"column":10},"end":{"line":54,"column":12}},"14":{"start":{"line":49,"column":24},"end":{"line":51,"column":58}},"15":{"start":{"line":50,"column":36},"end":{"line":50,"column":61}},"16":{"start":{"line":51,"column":42},"end":{"line":51,"column":56}},"17":{"start":{"line":52,"column":11},"end":{"line":52,"column":54}},"18":{"start":{"line":53,"column":11},"end":{"line":53,"column":25}},"19":{"start":{"line":57,"column":10},"end":{"line":57,"column":128}},"20":{"start":{"line":57,"column":63},"end":{"line":57,"column":125}},"21":{"start":{"line":60,"column":10},"end":{"line":60,"column":37}},"22":{"start":{"line":63,"column":10},"end":{"line":63,"column":65}},"23":{"start":{"line":95,"column":0},"end":{"line":102,"column":2}},"24":{"start":{"line":96,"column":14},"end":{"line":96,"column":64}},"25":{"start":{"line":97,"column":2},"end":{"line":101,"column":3}},"26":{"start":{"line":98,"column":4},"end":{"line":98,"column":23}},"27":{"start":{"line":100,"column":4},"end":{"line":100,"column":22}},"28":{"start":{"line":115,"column":11},"end":{"line":115,"column":13}},"29":{"start":{"line":121,"column":0},"end":{"line":121,"column":26}},"30":{"start":{"line":127,"column":0},"end":{"line":127,"column":49}},"31":{"start":{"line":133,"column":11},"end":{"line":133,"column":34}},"32":{"start":{"line":145,"column":0},"end":{"line":152,"column":2}},"33":{"start":{"line":146,"column":2},"end":{"line":149,"column":3}},"34":{"start":{"line":147,"column":4},"end":{"line":147,"column":22}},"35":{"start":{"line":148,"column":4},"end":{"line":148,"column":18}},"36":{"start":{"line":151,"column":2},"end":{"line":151,"column":17}},"37":{"start":{"line":158,"column":0},"end":{"line":158,"column":20}},"38":{"start":{"line":164,"column":13},"end":{"line":164,"column":35}},"39":{"start":{"line":165,"column":0},"end":{"line":165,"column":24}},"40":{"start":{"line":171,"column":16},"end":{"line":171,"column":39}},"41":{"start":{"line":172,"column":0},"end":{"line":172,"column":23}},"42":{"start":{"line":178,"column":11},"end":{"line":178,"column":34}},"43":{"start":{"line":179,"column":0},"end":{"line":179,"column":18}},"44":{"start":{"line":185,"column":13},"end":{"line":185,"column":36}},"45":{"start":{"line":186,"column":0},"end":{"line":186,"column":20}},"46":{"start":{"line":192,"column":13},"end":{"line":192,"column":36}},"47":{"start":{"line":193,"column":0},"end":{"line":193,"column":20}},"48":{"start":{"line":199,"column":13},"end":{"line":199,"column":36}},"49":{"start":{"line":200,"column":0},"end":{"line":200,"column":20}},"50":{"start":{"line":207,"column":0},"end":{"line":300,"column":2}},"51":{"start":{"line":336,"column":0},"end":{"line":351,"column":2}},"52":{"start":{"line":337,"column":14},"end":{"line":337,"column":76}},"53":{"start":{"line":339,"column":2},"end":{"line":341,"column":3}},"54":{"start":{"line":340,"column":4},"end":{"line":340,"column":41}},"55":{"start":{"line":343,"column":2},"end":{"line":343,"column":58}},"56":{"start":{"line":345,"column":2},"end":{"line":350,"column":3}},"57":{"start":{"line":346,"column":4},"end":{"line":349,"column":5}},"58":{"start":{"line":348,"column":6},"end":{"line":348,"column":41}},"59":{"start":{"line":361,"column":14},"end":{"line":361,"column":37}},"60":{"start":{"line":362,"column":20},"end":{"line":362,"column":43}},"61":{"start":{"line":363,"column":30},"end":{"line":363,"column":53}},"62":{"start":{"line":364,"column":13},"end":{"line":364,"column":35}},"63":{"start":{"line":366,"column":0},"end":{"line":366,"column":25}},"64":{"start":{"line":384,"column":12},"end":{"line":388,"column":3}},"65":{"start":{"line":387,"column":30},"end":{"line":387,"column":41}},"66":{"start":{"line":389,"column":2},"end":{"line":389,"column":75}},"67":{"start":{"line":393,"column":19},"end":{"line":403,"column":1}},"68":{"start":{"line":394,"column":2},"end":{"line":402,"column":3}},"69":{"start":{"line":395,"column":4},"end":{"line":395,"column":41}},"70":{"start":{"line":397,"column":4},"end":{"line":401,"column":42}},"71":{"start":{"line":408,"column":2},"end":{"line":418,"column":3}},"72":{"start":{"line":413,"column":14},"end":{"line":413,"column":46}},"73":{"start":{"line":414,"column":4},"end":{"line":416,"column":5}},"74":{"start":{"line":415,"column":6},"end":{"line":415,"column":48}},"75":{"start":{"line":417,"column":4},"end":{"line":417,"column":15}},"76":{"start":{"line":421,"column":18},"end":{"line":421,"column":45}},"77":{"start":{"line":422,"column":2},"end":{"line":424,"column":3}},"78":{"start":{"line":423,"column":4},"end":{"line":423,"column":21}},"79":{"start":{"line":427,"column":2},"end":{"line":457,"column":3}},"80":{"start":{"line":428,"column":4},"end":{"line":456,"column":5}},"81":{"start":{"line":429,"column":6},"end":{"line":429,"column":29}},"82":{"start":{"line":434,"column":6},"end":{"line":455,"column":7}},"83":{"start":{"line":435,"column":8},"end":{"line":450,"column":9}},"84":{"start":{"line":436,"column":30},"end":{"line":436,"column":49}},"85":{"start":{"line":437,"column":10},"end":{"line":437,"column":56}},"86":{"start":{"line":442,"column":19},"end":{"line":442,"column":49}},"87":{"start":{"line":443,"column":26},"end":{"line":443,"column":59}},"88":{"start":{"line":445,"column":10},"end":{"line":445,"column":56}},"89":{"start":{"line":446,"column":21},"end":{"line":447,"column":55}},"90":{"start":{"line":448,"column":10},"end":{"line":448,"column":35}},"91":{"start":{"line":449,"column":10},"end":{"line":449,"column":22}},"92":{"start":{"line":460,"column":20},"end":{"line":460,"column":50}},"93":{"start":{"line":461,"column":13},"end":{"line":461,"column":64}},"94":{"start":{"line":468,"column":2},"end":{"line":486,"column":3}},"95":{"start":{"line":472,"column":4},"end":{"line":476,"column":5}},"96":{"start":{"line":473,"column":6},"end":{"line":473,"column":28}},"97":{"start":{"line":474,"column":6},"end":{"line":474,"column":43}},"98":{"start":{"line":475,"column":6},"end":{"line":475,"column":68}},"99":{"start":{"line":477,"column":4},"end":{"line":479,"column":5}},"100":{"start":{"line":478,"column":6},"end":{"line":478,"column":74}},"101":{"start":{"line":480,"column":4},"end":{"line":482,"column":5}},"102":{"start":{"line":481,"column":6},"end":{"line":481,"column":73}},"103":{"start":{"line":483,"column":4},"end":{"line":485,"column":5}},"104":{"start":{"line":484,"column":6},"end":{"line":484,"column":32}},"105":{"start":{"line":488,"column":13},"end":{"line":488,"column":15}},"106":{"start":{"line":489,"column":14},"end":{"line":489,"column":19}},"107":{"start":{"line":490,"column":19},"end":{"line":490,"column":24}},"108":{"start":{"line":491,"column":15},"end":{"line":491,"column":25}},"109":{"start":{"line":493,"column":2},"end":{"line":496,"column":3}},"110":{"start":{"line":494,"column":4},"end":{"line":494,"column":22}},"111":{"start":{"line":495,"column":4},"end":{"line":495,"column":24}},"112":{"start":{"line":499,"column":2},"end":{"line":502,"column":3}},"113":{"start":{"line":500,"column":4},"end":{"line":500,"column":17}},"114":{"start":{"line":501,"column":4},"end":{"line":501,"column":24}},"115":{"start":{"line":505,"column":2},"end":{"line":509,"column":3}},"116":{"start":{"line":506,"column":4},"end":{"line":506,"column":26}},"117":{"start":{"line":507,"column":4},"end":{"line":507,"column":41}},"118":{"start":{"line":508,"column":4},"end":{"line":508,"column":43}},"119":{"start":{"line":512,"column":2},"end":{"line":514,"column":3}},"120":{"start":{"line":513,"column":4},"end":{"line":513,"column":55}},"121":{"start":{"line":517,"column":2},"end":{"line":519,"column":3}},"122":{"start":{"line":518,"column":4},"end":{"line":518,"column":56}},"123":{"start":{"line":522,"column":2},"end":{"line":524,"column":3}},"124":{"start":{"line":523,"column":4},"end":{"line":523,"column":30}},"125":{"start":{"line":526,"column":2},"end":{"line":528,"column":3}},"126":{"start":{"line":527,"column":4},"end":{"line":527,"column":40}},"127":{"start":{"line":530,"column":2},"end":{"line":536,"column":3}},"128":{"start":{"line":531,"column":4},"end":{"line":535,"column":5}},"129":{"start":{"line":532,"column":6},"end":{"line":532,"column":74}},"130":{"start":{"line":534,"column":6},"end":{"line":534,"column":48}},"131":{"start":{"line":538,"column":2},"end":{"line":538,"column":23}},"132":{"start":{"line":541,"column":2},"end":{"line":549,"column":3}},"133":{"start":{"line":542,"column":4},"end":{"line":542,"column":70}},"134":{"start":{"line":543,"column":9},"end":{"line":549,"column":3}},"135":{"start":{"line":544,"column":4},"end":{"line":544,"column":35}},"136":{"start":{"line":546,"column":4},"end":{"line":548,"column":7}},"137":{"start":{"line":547,"column":6},"end":{"line":547,"column":79}},"138":{"start":{"line":551,"column":2},"end":{"line":551,"column":17}},"139":{"start":{"line":553,"column":2},"end":{"line":553,"column":52}},"140":{"start":{"line":558,"column":2},"end":{"line":579,"column":3}},"141":{"start":{"line":560,"column":6},"end":{"line":560,"column":51}},"142":{"start":{"line":563,"column":19},"end":{"line":565,"column":75}},"143":{"start":{"line":566,"column":6},"end":{"line":566,"column":43}},"144":{"start":{"line":569,"column":6},"end":{"line":571,"column":7}},"145":{"start":{"line":570,"column":8},"end":{"line":570,"column":43}},"146":{"start":{"line":572,"column":6},"end":{"line":572,"column":47}},"147":{"start":{"line":575,"column":6},"end":{"line":575,"column":48}},"148":{"start":{"line":578,"column":6},"end":{"line":578,"column":53}},"149":{"start":{"line":581,"column":2},"end":{"line":583,"column":3}},"150":{"start":{"line":582,"column":4},"end":{"line":582,"column":39}},"151":{"start":{"line":588,"column":2},"end":{"line":588,"column":58}},"152":{"start":{"line":593,"column":15},"end":{"line":593,"column":17}},"153":{"start":{"line":594,"column":2},"end":{"line":601,"column":3}},"154":{"start":{"line":595,"column":4},"end":{"line":600,"column":5}},"155":{"start":{"line":596,"column":6},"end":{"line":597,"column":28}},"156":{"start":{"line":599,"column":6},"end":{"line":599,"column":22}},"157":{"start":{"line":603,"column":2},"end":{"line":608,"column":5}},"158":{"start":{"line":604,"column":4},"end":{"line":607,"column":5}},"159":{"start":{"line":605,"column":6},"end":{"line":606,"column":22}},"160":{"start":{"line":609,"column":2},"end":{"line":609,"column":16}},"161":{"start":{"line":613,"column":12},"end":{"line":613,"column":16}},"162":{"start":{"line":615,"column":2},"end":{"line":621,"column":3}},"163":{"start":{"line":616,"column":4},"end":{"line":619,"column":5}},"164":{"start":{"line":617,"column":6},"end":{"line":617,"column":19}},"165":{"start":{"line":618,"column":6},"end":{"line":618,"column":12}},"166":{"start":{"line":620,"column":4},"end":{"line":620,"column":27}},"167":{"start":{"line":622,"column":2},"end":{"line":622,"column":14}},"168":{"start":{"line":625,"column":2},"end":{"line":627,"column":3}},"169":{"start":{"line":626,"column":4},"end":{"line":626,"column":36}},"170":{"start":{"line":629,"column":2},"end":{"line":629,"column":13}},"171":{"start":{"line":634,"column":23},"end":{"line":634,"column":66}},"172":{"start":{"line":637,"column":2},"end":{"line":649,"column":3}},"173":{"start":{"line":638,"column":4},"end":{"line":648,"column":5}},"174":{"start":{"line":639,"column":6},"end":{"line":643,"column":7}},"175":{"start":{"line":640,"column":8},"end":{"line":640,"column":56}},"176":{"start":{"line":642,"column":8},"end":{"line":642,"column":49}},"177":{"start":{"line":645,"column":6},"end":{"line":647,"column":7}},"178":{"start":{"line":646,"column":8},"end":{"line":646,"column":49}},"179":{"start":{"line":650,"column":2},"end":{"line":652,"column":3}},"180":{"start":{"line":651,"column":4},"end":{"line":651,"column":27}},"181":{"start":{"line":653,"column":2},"end":{"line":674,"column":3}},"182":{"start":{"line":654,"column":4},"end":{"line":673,"column":5}},"183":{"start":{"line":655,"column":6},"end":{"line":659,"column":7}},"184":{"start":{"line":656,"column":8},"end":{"line":656,"column":49}},"185":{"start":{"line":658,"column":8},"end":{"line":658,"column":61}},"186":{"start":{"line":660,"column":6},"end":{"line":670,"column":7}},"187":{"start":{"line":661,"column":8},"end":{"line":669,"column":9}},"188":{"start":{"line":662,"column":10},"end":{"line":664,"column":34}},"189":{"start":{"line":663,"column":12},"end":{"line":663,"column":31}},"190":{"start":{"line":666,"column":10},"end":{"line":668,"column":24}},"191":{"start":{"line":667,"column":12},"end":{"line":667,"column":32}},"192":{"start":{"line":672,"column":6},"end":{"line":672,"column":49}},"193":{"start":{"line":675,"column":2},"end":{"line":689,"column":3}},"194":{"start":{"line":676,"column":4},"end":{"line":678,"column":5}},"195":{"start":{"line":677,"column":6},"end":{"line":677,"column":17}},"196":{"start":{"line":679,"column":4},"end":{"line":679,"column":36}},"197":{"start":{"line":680,"column":4},"end":{"line":688,"column":5}},"198":{"start":{"line":681,"column":6},"end":{"line":681,"column":45}},"199":{"start":{"line":682,"column":6},"end":{"line":682,"column":39}},"200":{"start":{"line":684,"column":6},"end":{"line":686,"column":43}},"201":{"start":{"line":687,"column":6},"end":{"line":687,"column":41}},"202":{"start":{"line":691,"column":2},"end":{"line":691,"column":27}},"203":{"start":{"line":696,"column":20},"end":{"line":696,"column":21}},"204":{"start":{"line":697,"column":15},"end":{"line":701,"column":7}},"205":{"start":{"line":698,"column":4},"end":{"line":698,"column":18}},"206":{"start":{"line":699,"column":4},"end":{"line":699,"column":46}},"207":{"start":{"line":699,"column":32},"end":{"line":699,"column":46}},"208":{"start":{"line":700,"column":4},"end":{"line":700,"column":33}},"209":{"start":{"line":703,"column":2},"end":{"line":710,"column":3}},"210":{"start":{"line":704,"column":4},"end":{"line":709,"column":21}},"211":{"start":{"line":712,"column":2},"end":{"line":712,"column":70}},"212":{"start":{"line":718,"column":2},"end":{"line":718,"column":75}},"213":{"start":{"line":722,"column":2},"end":{"line":723,"column":77}},"214":{"start":{"line":727,"column":2},"end":{"line":727,"column":76}},"215":{"start":{"line":731,"column":2},"end":{"line":731,"column":72}},"216":{"start":{"line":735,"column":2},"end":{"line":735,"column":73}},"217":{"start":{"line":739,"column":2},"end":{"line":739,"column":43}},"218":{"start":{"line":747,"column":13},"end":{"line":747,"column":35}},"219":{"start":{"line":766,"column":0},"end":{"line":770,"column":2}},"220":{"start":{"line":767,"column":2},"end":{"line":769,"column":35}},"221":{"start":{"line":777,"column":13},"end":{"line":777,"column":35}},"222":{"start":{"line":779,"column":19},"end":{"line":779,"column":76}},"223":{"start":{"line":821,"column":0},"end":{"line":838,"column":2}},"224":{"start":{"line":822,"column":2},"end":{"line":822,"column":44}},"225":{"start":{"line":822,"column":34},"end":{"line":822,"column":44}},"226":{"start":{"line":824,"column":2},"end":{"line":835,"column":5}},"227":{"start":{"line":826,"column":6},"end":{"line":830,"column":7}},"228":{"start":{"line":827,"column":8},"end":{"line":829,"column":78}},"229":{"start":{"line":832,"column":6},"end":{"line":833,"column":62}},"230":{"start":{"line":837,"column":2},"end":{"line":837,"column":12}},"231":{"start":{"line":845,"column":13},"end":{"line":845,"column":35}},"232":{"start":{"line":846,"column":11},"end":{"line":846,"column":33}},"233":{"start":{"line":847,"column":20},"end":{"line":847,"column":43}},"234":{"start":{"line":848,"column":21},"end":{"line":848,"column":43}},"235":{"start":{"line":875,"column":15},"end":{"line":875,"column":57}},"236":{"start":{"line":877,"column":0},"end":{"line":933,"column":2}},"237":{"start":{"line":878,"column":2},"end":{"line":878,"column":36}},"238":{"start":{"line":878,"column":25},"end":{"line":878,"column":36}},"239":{"start":{"line":880,"column":2},"end":{"line":932,"column":5}},"240":{"start":{"line":886,"column":6},"end":{"line":912,"column":7}},"241":{"start":{"line":890,"column":8},"end":{"line":894,"column":9}},"242":{"start":{"line":891,"column":10},"end":{"line":893,"column":43}},"243":{"start":{"line":896,"column":32},"end":{"line":901,"column":10}},"244":{"start":{"line":897,"column":10},"end":{"line":898,"column":46}},"245":{"start":{"line":900,"column":10},"end":{"line":900,"column":75}},"246":{"start":{"line":903,"column":8},"end":{"line":911,"column":9}},"247":{"start":{"line":907,"column":10},"end":{"line":908,"column":62}},"248":{"start":{"line":910,"column":10},"end":{"line":910,"column":60}},"249":{"start":{"line":926,"column":6},"end":{"line":928,"column":7}},"250":{"start":{"line":927,"column":8},"end":{"line":927,"column":42}},"251":{"start":{"line":930,"column":6},"end":{"line":930,"column":43}},"252":{"start":{"line":945,"column":2},"end":{"line":953,"column":3}},"253":{"start":{"line":949,"column":4},"end":{"line":949,"column":14}},"254":{"start":{"line":950,"column":4},"end":{"line":952,"column":5}},"255":{"start":{"line":951,"column":6},"end":{"line":951,"column":19}},"256":{"start":{"line":955,"column":2},"end":{"line":966,"column":3}},"257":{"start":{"line":956,"column":4},"end":{"line":965,"column":5}},"258":{"start":{"line":957,"column":6},"end":{"line":957,"column":74}},"259":{"start":{"line":959,"column":6},"end":{"line":964,"column":8}},"260":{"start":{"line":968,"column":2},"end":{"line":968,"column":40}},"261":{"start":{"line":976,"column":27},"end":{"line":1365,"column":67}},"262":{"start":{"line":976,"column":46},"end":{"line":1363,"column":5}},"263":{"start":{"line":977,"column":2},"end":{"line":979,"column":33}},"264":{"start":{"line":987,"column":20},"end":{"line":987,"column":49}},"265":{"start":{"line":990,"column":19},"end":{"line":990,"column":59}},"266":{"start":{"line":992,"column":19},"end":{"line":992,"column":48}},"267":{"start":{"line":993,"column":16},"end":{"line":993,"column":42}},"268":{"start":{"line":994,"column":16},"end":{"line":994,"column":42}},"269":{"start":{"line":995,"column":20},"end":{"line":995,"column":50}},"270":{"start":{"line":996,"column":20},"end":{"line":996,"column":50}},"271":{"start":{"line":997,"column":21},"end":{"line":997,"column":52}},"272":{"start":{"line":998,"column":27},"end":{"line":998,"column":81}},"273":{"start":{"line":999,"column":30},"end":{"line":999,"column":87}},"274":{"start":{"line":1000,"column":23},"end":{"line":1000,"column":79}},"275":{"start":{"line":1001,"column":23},"end":{"line":1001,"column":79}},"276":{"start":{"line":1002,"column":27},"end":{"line":1002,"column":89}},"277":{"start":{"line":1003,"column":27},"end":{"line":1003,"column":89}},"278":{"start":{"line":1004,"column":26},"end":{"line":1004,"column":104}},"279":{"start":{"line":1005,"column":29},"end":{"line":1005,"column":96}},"280":{"start":{"line":1006,"column":27},"end":{"line":1006,"column":106}},"281":{"start":{"line":1007,"column":30},"end":{"line":1007,"column":98}},"282":{"start":{"line":1008,"column":30},"end":{"line":1008,"column":31}},"283":{"start":{"line":1009,"column":31},"end":{"line":1009,"column":33}},"284":{"start":{"line":1035,"column":18},"end":{"line":1035,"column":28}},"285":{"start":{"line":1036,"column":2},"end":{"line":1038,"column":3}},"286":{"start":{"line":1037,"column":4},"end":{"line":1037,"column":21}},"287":{"start":{"line":1046,"column":2},"end":{"line":1048,"column":3}},"288":{"start":{"line":1047,"column":4},"end":{"line":1047,"column":18}},"289":{"start":{"line":1066,"column":2},"end":{"line":1068,"column":3}},"290":{"start":{"line":1067,"column":4},"end":{"line":1067,"column":20}},"291":{"start":{"line":1076,"column":2},"end":{"line":1081,"column":3}},"292":{"start":{"line":1080,"column":4},"end":{"line":1080,"column":19}},"293":{"start":{"line":1085,"column":2},"end":{"line":1189,"column":3}},"294":{"start":{"line":1093,"column":4},"end":{"line":1095,"column":5}},"295":{"start":{"line":1094,"column":6},"end":{"line":1094,"column":24}},"296":{"start":{"line":1116,"column":4},"end":{"line":1118,"column":5}},"297":{"start":{"line":1117,"column":6},"end":{"line":1117,"column":24}},"298":{"start":{"line":1120,"column":4},"end":{"line":1142,"column":5}},"299":{"start":{"line":1127,"column":6},"end":{"line":1130,"column":7}},"300":{"start":{"line":1129,"column":8},"end":{"line":1129,"column":31}},"301":{"start":{"line":1138,"column":6},"end":{"line":1141,"column":7}},"302":{"start":{"line":1140,"column":8},"end":{"line":1140,"column":29}},"303":{"start":{"line":1144,"column":4},"end":{"line":1188,"column":5}},"304":{"start":{"line":1153,"column":6},"end":{"line":1155,"column":7}},"305":{"start":{"line":1154,"column":8},"end":{"line":1154,"column":34}},"306":{"start":{"line":1169,"column":6},"end":{"line":1171,"column":7}},"307":{"start":{"line":1170,"column":8},"end":{"line":1170,"column":42}},"308":{"start":{"line":1185,"column":6},"end":{"line":1187,"column":7}},"309":{"start":{"line":1186,"column":8},"end":{"line":1186,"column":44}},"310":{"start":{"line":1213,"column":19},"end":{"line":1213,"column":69}},"311":{"start":{"line":1214,"column":2},"end":{"line":1216,"column":3}},"312":{"start":{"line":1215,"column":4},"end":{"line":1215,"column":21}},"313":{"start":{"line":1218,"column":21},"end":{"line":1218,"column":47}},"314":{"start":{"line":1227,"column":2},"end":{"line":1229,"column":3}},"315":{"start":{"line":1228,"column":4},"end":{"line":1228,"column":20}},"316":{"start":{"line":1237,"column":2},"end":{"line":1239,"column":3}},"317":{"start":{"line":1238,"column":4},"end":{"line":1238,"column":18}},"318":{"start":{"line":1250,"column":2},"end":{"line":1252,"column":3}},"319":{"start":{"line":1251,"column":4},"end":{"line":1251,"column":21}},"320":{"start":{"line":1260,"column":2},"end":{"line":1262,"column":3}},"321":{"start":{"line":1261,"column":4},"end":{"line":1261,"column":17}},"322":{"start":{"line":1270,"column":2},"end":{"line":1272,"column":3}},"323":{"start":{"line":1271,"column":4},"end":{"line":1271,"column":17}},"324":{"start":{"line":1280,"column":2},"end":{"line":1282,"column":3}},"325":{"start":{"line":1281,"column":4},"end":{"line":1281,"column":21}},"326":{"start":{"line":1290,"column":2},"end":{"line":1292,"column":3}},"327":{"start":{"line":1291,"column":4},"end":{"line":1291,"column":21}},"328":{"start":{"line":1300,"column":2},"end":{"line":1302,"column":3}},"329":{"start":{"line":1301,"column":4},"end":{"line":1301,"column":22}},"330":{"start":{"line":1310,"column":2},"end":{"line":1312,"column":3}},"331":{"start":{"line":1311,"column":4},"end":{"line":1311,"column":26}},"332":{"start":{"line":1320,"column":2},"end":{"line":1322,"column":3}},"333":{"start":{"line":1321,"column":4},"end":{"line":1321,"column":26}},"334":{"start":{"line":1330,"column":2},"end":{"line":1332,"column":3}},"335":{"start":{"line":1331,"column":4},"end":{"line":1331,"column":28}},"336":{"start":{"line":1340,"column":2},"end":{"line":1342,"column":3}},"337":{"start":{"line":1341,"column":4},"end":{"line":1341,"column":29}},"338":{"start":{"line":1350,"column":2},"end":{"line":1352,"column":3}},"339":{"start":{"line":1351,"column":4},"end":{"line":1351,"column":20}},"340":{"start":{"line":1354,"column":2},"end":{"line":1358,"column":62}},"341":{"start":{"line":1361,"column":0},"end":{"line":1361,"column":18}},"342":{"start":{"line":1374,"column":0},"end":{"line":1376,"column":5}},"343":{"start":{"line":1375,"column":1},"end":{"line":1375,"column":13}},"344":{"start":{"line":1378,"column":0},"end":{"line":1385,"column":1}},"345":{"start":{"line":1380,"column":1},"end":{"line":1380,"column":56}},"346":{"start":{"line":1383,"column":1},"end":{"line":1384,"column":13}},"347":{"start":{"line":1384,"column":2},"end":{"line":1384,"column":13}},"348":{"start":{"line":1391,"column":0},"end":{"line":1391,"column":19}},"349":{"start":{"line":1414,"column":17},"end":{"line":1414,"column":41}},"350":{"start":{"line":1417,"column":4},"end":{"line":1419,"column":7}},"351":{"start":{"line":1418,"column":6},"end":{"line":1418,"column":55}},"352":{"start":{"line":1418,"column":35},"end":{"line":1418,"column":55}},"353":{"start":{"line":1422,"column":2},"end":{"line":1432,"column":4}},"354":{"start":{"line":1423,"column":15},"end":{"line":1423,"column":39}},"355":{"start":{"line":1424,"column":12},"end":{"line":1424,"column":13}},"356":{"start":{"line":1425,"column":14},"end":{"line":1425,"column":16}},"357":{"start":{"line":1427,"column":4},"end":{"line":1429,"column":5}},"358":{"start":{"line":1428,"column":6},"end":{"line":1428,"column":33}},"359":{"start":{"line":1431,"column":4},"end":{"line":1431,"column":15}},"360":{"start":{"line":1439,"column":0},"end":{"line":1439,"column":32}},"361":{"start":{"line":1453,"column":15},"end":{"line":1453,"column":75}},"362":{"start":{"line":1454,"column":14},"end":{"line":1454,"column":34}},"363":{"start":{"line":1457,"column":2},"end":{"line":1457,"column":57}},"364":{"start":{"line":1458,"column":2},"end":{"line":1458,"column":24}},"365":{"start":{"line":1461,"column":2},"end":{"line":1463,"column":3}},"366":{"start":{"line":1462,"column":4},"end":{"line":1462,"column":27}},"367":{"start":{"line":1466,"column":2},"end":{"line":1466,"column":30}},"368":{"start":{"line":1467,"column":2},"end":{"line":1475,"column":3}},"369":{"start":{"line":1468,"column":4},"end":{"line":1468,"column":39}},"370":{"start":{"line":1470,"column":4},"end":{"line":1474,"column":5}},"371":{"start":{"line":1471,"column":6},"end":{"line":1471,"column":24}},"372":{"start":{"line":1473,"column":6},"end":{"line":1473,"column":27}},"373":{"start":{"line":1482,"column":0},"end":{"line":1482,"column":58}},"374":{"start":{"line":1488,"column":0},"end":{"line":1488,"column":49}},"375":{"start":{"line":1494,"column":0},"end":{"line":1494,"column":54}},"376":{"start":{"line":1503,"column":0},"end":{"line":1513,"column":2}},"377":{"start":{"line":1504,"column":15},"end":{"line":1504,"column":56}},"378":{"start":{"line":1505,"column":14},"end":{"line":1505,"column":47}},"379":{"start":{"line":1508,"column":2},"end":{"line":1510,"column":3}},"380":{"start":{"line":1509,"column":4},"end":{"line":1509,"column":29}},"381":{"start":{"line":1512,"column":2},"end":{"line":1512,"column":15}},"382":{"start":{"line":1537,"column":0},"end":{"line":1539,"column":2}},"383":{"start":{"line":1538,"column":2},"end":{"line":1538,"column":46}},"384":{"start":{"line":1568,"column":15},"end":{"line":1568,"column":42}},"385":{"start":{"line":1569,"column":24},"end":{"line":1569,"column":82}},"386":{"start":{"line":1571,"column":2},"end":{"line":1573,"column":3}},"387":{"start":{"line":1572,"column":4},"end":{"line":1572,"column":16}},"388":{"start":{"line":1575,"column":13},"end":{"line":1575,"column":15}},"389":{"start":{"line":1576,"column":2},"end":{"line":1585,"column":3}},"390":{"start":{"line":1578,"column":16},"end":{"line":1578,"column":61}},"391":{"start":{"line":1579,"column":4},"end":{"line":1581,"column":5}},"392":{"start":{"line":1580,"column":6},"end":{"line":1580,"column":22}},"393":{"start":{"line":1584,"column":4},"end":{"line":1584,"column":22}},"394":{"start":{"line":1587,"column":2},"end":{"line":1587,"column":14}},"395":{"start":{"line":1590,"column":0},"end":{"line":1590,"column":29}},"396":{"start":{"line":1616,"column":0},"end":{"line":1632,"column":2}},"397":{"start":{"line":1617,"column":15},"end":{"line":1617,"column":49}},"398":{"start":{"line":1620,"column":4},"end":{"line":1622,"column":5}},"399":{"start":{"line":1621,"column":6},"end":{"line":1621,"column":28}},"400":{"start":{"line":1625,"column":14},"end":{"line":1625,"column":43}},"401":{"start":{"line":1626,"column":2},"end":{"line":1629,"column":3}},"402":{"start":{"line":1627,"column":4},"end":{"line":1627,"column":59}},"403":{"start":{"line":1628,"column":4},"end":{"line":1628,"column":41}},"404":{"start":{"line":1631,"column":2},"end":{"line":1631,"column":16}},"405":{"start":{"line":1649,"column":14},"end":{"line":1649,"column":36}},"406":{"start":{"line":1650,"column":13},"end":{"line":1650,"column":35}},"407":{"start":{"line":1665,"column":0},"end":{"line":1688,"column":2}},"408":{"start":{"line":1666,"column":12},"end":{"line":1666,"column":24}},"409":{"start":{"line":1667,"column":13},"end":{"line":1667,"column":48}},"410":{"start":{"line":1669,"column":2},"end":{"line":1687,"column":3}},"411":{"start":{"line":1670,"column":4},"end":{"line":1684,"column":5}},"412":{"start":{"line":1671,"column":6},"end":{"line":1673,"column":41}},"413":{"start":{"line":1674,"column":11},"end":{"line":1684,"column":5}},"414":{"start":{"line":1675,"column":6},"end":{"line":1675,"column":45}},"415":{"start":{"line":1676,"column":11},"end":{"line":1684,"column":5}},"416":{"start":{"line":1677,"column":17},"end":{"line":1677,"column":33}},"417":{"start":{"line":1678,"column":17},"end":{"line":1680,"column":27}},"418":{"start":{"line":1681,"column":6},"end":{"line":1681,"column":41}},"419":{"start":{"line":1683,"column":6},"end":{"line":1683,"column":17}},"420":{"start":{"line":1686,"column":4},"end":{"line":1686,"column":15}},"421":{"start":{"line":1715,"column":0},"end":{"line":1721,"column":2}},"422":{"start":{"line":1716,"column":2},"end":{"line":1716,"column":68}},"423":{"start":{"line":1716,"column":58},"end":{"line":1716,"column":68}},"424":{"start":{"line":1718,"column":2},"end":{"line":1720,"column":5}},"425":{"start":{"line":1719,"column":4},"end":{"line":1719,"column":64}},"426":{"start":{"line":1728,"column":27},"end":{"line":1738,"column":67}},"427":{"start":{"line":1729,"column":26},"end":{"line":1729,"column":77}},"428":{"start":{"line":1730,"column":19},"end":{"line":1730,"column":43}},"429":{"start":{"line":1733,"column":10},"end":{"line":1735,"column":1}},"430":{"start":{"line":1737,"column":0},"end":{"line":1737,"column":35}},"431":{"start":{"line":1747,"column":12},"end":{"line":1747,"column":35}},"432":{"start":{"line":1749,"column":0},"end":{"line":1753,"column":3}},"433":{"start":{"line":1750,"column":4},"end":{"line":1752,"column":7}},"434":{"start":{"line":1751,"column":8},"end":{"line":1751,"column":43}},"435":{"start":{"line":1759,"column":0},"end":{"line":1759,"column":40}},"436":{"start":{"line":1776,"column":14},"end":{"line":1776,"column":37}},"437":{"start":{"line":1782,"column":0},"end":{"line":1782,"column":39}},"438":{"start":{"line":1788,"column":0},"end":{"line":1788,"column":38}},"439":{"start":{"line":1793,"column":0},"end":{"line":1793,"column":46}},"440":{"start":{"line":1799,"column":0},"end":{"line":1799,"column":45}},"441":{"start":{"line":1805,"column":0},"end":{"line":1805,"column":44}},"442":{"start":{"line":1811,"column":0},"end":{"line":1811,"column":41}},"443":{"start":{"line":1817,"column":0},"end":{"line":1817,"column":45}},"444":{"start":{"line":1823,"column":0},"end":{"line":1823,"column":38}},"445":{"start":{"line":1829,"column":0},"end":{"line":1829,"column":47}},"446":{"start":{"line":1835,"column":0},"end":{"line":1835,"column":38}},"447":{"start":{"line":1841,"column":0},"end":{"line":1841,"column":42}},"448":{"start":{"line":1847,"column":0},"end":{"line":1847,"column":42}},"449":{"start":{"line":1853,"column":0},"end":{"line":1853,"column":42}},"450":{"start":{"line":1859,"column":0},"end":{"line":1859,"column":46}},"451":{"start":{"line":1865,"column":0},"end":{"line":1865,"column":44}},"452":{"start":{"line":1871,"column":0},"end":{"line":1871,"column":52}},"453":{"start":{"line":1877,"column":0},"end":{"line":1877,"column":50}},"454":{"start":{"line":1883,"column":0},"end":{"line":1883,"column":53}},"455":{"start":{"line":1889,"column":0},"end":{"line":1889,"column":59}},"456":{"start":{"line":1895,"column":0},"end":{"line":1895,"column":51}},"457":{"start":{"line":1901,"column":0},"end":{"line":1901,"column":66}},"458":{"start":{"line":1907,"column":0},"end":{"line":1907,"column":61}},"459":{"start":{"line":1913,"column":0},"end":{"line":1913,"column":45}},"460":{"start":{"line":1919,"column":0},"end":{"line":1919,"column":41}},"461":{"start":{"line":1925,"column":0},"end":{"line":1925,"column":48}},"462":{"start":{"line":1931,"column":0},"end":{"line":1931,"column":48}},"463":{"start":{"line":1937,"column":0},"end":{"line":1937,"column":40}},"464":{"start":{"line":1992,"column":2},"end":{"line":1994,"column":3}},"465":{"start":{"line":1993,"column":4},"end":{"line":1993,"column":17}},"466":{"start":{"line":1997,"column":2},"end":{"line":1997,"column":29}},"467":{"start":{"line":2020,"column":12},"end":{"line":2020,"column":46}},"468":{"start":{"line":2021,"column":14},"end":{"line":2021,"column":42}},"469":{"start":{"line":2022,"column":2},"end":{"line":2033,"column":5}},"470":{"start":{"line":2023,"column":17},"end":{"line":2023,"column":30}},"471":{"start":{"line":2024,"column":15},"end":{"line":2024,"column":33}},"472":{"start":{"line":2025,"column":17},"end":{"line":2025,"column":21}},"473":{"start":{"line":2026,"column":4},"end":{"line":2030,"column":5}},"474":{"start":{"line":2027,"column":6},"end":{"line":2027,"column":42}},"475":{"start":{"line":2029,"column":6},"end":{"line":2029,"column":58}},"476":{"start":{"line":2032,"column":4},"end":{"line":2032,"column":18}},"477":{"start":{"line":2052,"column":23},"end":{"line":2052,"column":26}},"478":{"start":{"line":2053,"column":12},"end":{"line":2053,"column":16}},"479":{"start":{"line":2054,"column":2},"end":{"line":2054,"column":77}},"480":{"start":{"line":2056,"column":2},"end":{"line":2069,"column":3}},"481":{"start":{"line":2057,"column":15},"end":{"line":2057,"column":24}},"482":{"start":{"line":2058,"column":4},"end":{"line":2068,"column":5}},"483":{"start":{"line":2059,"column":6},"end":{"line":2063,"column":7}},"484":{"start":{"line":2060,"column":8},"end":{"line":2060,"column":48}},"485":{"start":{"line":2062,"column":8},"end":{"line":2062,"column":48}},"486":{"start":{"line":2065,"column":6},"end":{"line":2067,"column":7}},"487":{"start":{"line":2066,"column":8},"end":{"line":2066,"column":29}},"488":{"start":{"line":2071,"column":2},"end":{"line":2071,"column":13}},"489":{"start":{"line":2089,"column":16},"end":{"line":2089,"column":19}},"490":{"start":{"line":2090,"column":18},"end":{"line":2090,"column":31}},"491":{"start":{"line":2091,"column":13},"end":{"line":2091,"column":17}},"492":{"start":{"line":2093,"column":2},"end":{"line":2117,"column":3}},"493":{"start":{"line":2094,"column":19},"end":{"line":2094,"column":23}},"494":{"start":{"line":2095,"column":18},"end":{"line":2095,"column":22}},"495":{"start":{"line":2096,"column":4},"end":{"line":2096,"column":21}},"496":{"start":{"line":2099,"column":4},"end":{"line":2116,"column":5}},"497":{"start":{"line":2100,"column":6},"end":{"line":2100,"column":65}},"498":{"start":{"line":2102,"column":6},"end":{"line":2102,"column":30}},"499":{"start":{"line":2103,"column":11},"end":{"line":2116,"column":5}},"500":{"start":{"line":2104,"column":6},"end":{"line":2104,"column":32}},"501":{"start":{"line":2105,"column":11},"end":{"line":2116,"column":5}},"502":{"start":{"line":2106,"column":6},"end":{"line":2106,"column":32}},"503":{"start":{"line":2109,"column":17},"end":{"line":2109,"column":30}},"504":{"start":{"line":2111,"column":6},"end":{"line":2111,"column":65}},"505":{"start":{"line":2113,"column":6},"end":{"line":2113,"column":56}},"506":{"start":{"line":2114,"column":6},"end":{"line":2114,"column":34}},"507":{"start":{"line":2115,"column":6},"end":{"line":2115,"column":34}},"508":{"start":{"line":2143,"column":15},"end":{"line":2143,"column":30}},"509":{"start":{"line":2144,"column":13},"end":{"line":2144,"column":38}},"510":{"start":{"line":2145,"column":13},"end":{"line":2149,"column":3}},"511":{"start":{"line":2150,"column":2},"end":{"line":2150,"column":52}},"512":{"start":{"line":2152,"column":2},"end":{"line":2152,"column":14}},"513":{"start":{"line":2187,"column":13},"end":{"line":2187,"column":35}},"514":{"start":{"line":2188,"column":2},"end":{"line":2188,"column":20}},"515":{"start":{"line":2225,"column":15},"end":{"line":2225,"column":30}},"516":{"start":{"line":2226,"column":2},"end":{"line":2226,"column":41}},"517":{"start":{"line":2227,"column":2},"end":{"line":2227,"column":13}},"518":{"start":{"line":2230,"column":0},"end":{"line":2235,"column":2}},"519":{"start":{"line":2252,"column":11},"end":{"line":2252,"column":33}},"520":{"start":{"line":2265,"column":0},"end":{"line":2269,"column":2}},"521":{"start":{"line":2266,"column":15},"end":{"line":2266,"column":34}},"522":{"start":{"line":2267,"column":13},"end":{"line":2267,"column":20}},"523":{"start":{"line":2268,"column":2},"end":{"line":2268,"column":31}},"524":{"start":{"line":2296,"column":21},"end":{"line":2296,"column":44}},"525":{"start":{"line":2297,"column":11},"end":{"line":2297,"column":33}},"526":{"start":{"line":2298,"column":11},"end":{"line":2298,"column":33}},"527":{"start":{"line":2300,"column":0},"end":{"line":2326,"column":2}},"528":{"start":{"line":2301,"column":16},"end":{"line":2301,"column":36}},"529":{"start":{"line":2302,"column":13},"end":{"line":2302,"column":30}},"530":{"start":{"line":2304,"column":2},"end":{"line":2304,"column":42}},"531":{"start":{"line":2306,"column":2},"end":{"line":2306,"column":28}},"532":{"start":{"line":2307,"column":2},"end":{"line":2307,"column":62}},"533":{"start":{"line":2307,"column":35},"end":{"line":2307,"column":58}},"534":{"start":{"line":2308,"column":2},"end":{"line":2308,"column":15}},"535":{"start":{"line":2311,"column":12},"end":{"line":2315,"column":15}},"536":{"start":{"line":2312,"column":14},"end":{"line":2312,"column":76}},"537":{"start":{"line":2313,"column":13},"end":{"line":2313,"column":72}},"538":{"start":{"line":2314,"column":4},"end":{"line":2314,"column":30}},"539":{"start":{"line":2317,"column":16},"end":{"line":2317,"column":39}},"540":{"start":{"line":2319,"column":2},"end":{"line":2325,"column":3}},"541":{"start":{"line":2319,"column":40},"end":{"line":2319,"column":68}},"542":{"start":{"line":2320,"column":4},"end":{"line":2324,"column":6}},"543":{"start":{"line":2343,"column":11},"end":{"line":2343,"column":33}},"544":{"start":{"line":2344,"column":16},"end":{"line":2344,"column":39}},"545":{"start":{"line":2345,"column":14},"end":{"line":2345,"column":36}},"546":{"start":{"line":2346,"column":17},"end":{"line":2346,"column":40}},"547":{"start":{"line":2367,"column":0},"end":{"line":2383,"column":2}},"548":{"start":{"line":2368,"column":15},"end":{"line":2368,"column":34}},"549":{"start":{"line":2369,"column":12},"end":{"line":2369,"column":31}},"550":{"start":{"line":2370,"column":17},"end":{"line":2370,"column":24}},"551":{"start":{"line":2371,"column":15},"end":{"line":2371,"column":35}},"552":{"start":{"line":2372,"column":12},"end":{"line":2372,"column":38}},"553":{"start":{"line":2373,"column":16},"end":{"line":2373,"column":36}},"554":{"start":{"line":2375,"column":2},"end":{"line":2375,"column":44}},"555":{"start":{"line":2375,"column":32},"end":{"line":2375,"column":44}},"556":{"start":{"line":2376,"column":2},"end":{"line":2376,"column":18}},"557":{"start":{"line":2377,"column":2},"end":{"line":2380,"column":72}},"558":{"start":{"line":2378,"column":41},"end":{"line":2378,"column":64}},"559":{"start":{"line":2379,"column":40},"end":{"line":2379,"column":66}},"560":{"start":{"line":2380,"column":40},"end":{"line":2380,"column":68}},"561":{"start":{"line":2382,"column":2},"end":{"line":2382,"column":46}},"562":{"start":{"line":2409,"column":0},"end":{"line":2415,"column":2}},"563":{"start":{"line":2410,"column":15},"end":{"line":2410,"column":17}},"564":{"start":{"line":2411,"column":2},"end":{"line":2413,"column":3}},"565":{"start":{"line":2412,"column":4},"end":{"line":2412,"column":22}},"566":{"start":{"line":2414,"column":2},"end":{"line":2414,"column":16}},"567":{"start":{"line":2431,"column":11},"end":{"line":2431,"column":33}},"568":{"start":{"line":2433,"column":2},"end":{"line":2433,"column":61}},"569":{"start":{"line":2436,"column":0},"end":{"line":2448,"column":2}},"570":{"start":{"line":2438,"column":4},"end":{"line":2438,"column":26}},"571":{"start":{"line":2441,"column":4},"end":{"line":2446,"column":5}},"572":{"start":{"line":2442,"column":6},"end":{"line":2445,"column":9}},"573":{"start":{"line":2450,"column":17},"end":{"line":2450,"column":66}},"574":{"start":{"line":2461,"column":2},"end":{"line":2463,"column":3}},"575":{"start":{"line":2462,"column":4},"end":{"line":2462,"column":16}},"576":{"start":{"line":2464,"column":20},"end":{"line":2464,"column":51}},"577":{"start":{"line":2465,"column":2},"end":{"line":2470,"column":3}},"578":{"start":{"line":2466,"column":17},"end":{"line":2466,"column":50}},"579":{"start":{"line":2467,"column":4},"end":{"line":2469,"column":5}},"580":{"start":{"line":2468,"column":6},"end":{"line":2468,"column":20}},"581":{"start":{"line":2471,"column":2},"end":{"line":2471,"column":14}},"582":{"start":{"line":2484,"column":2},"end":{"line":2486,"column":3}},"583":{"start":{"line":2485,"column":4},"end":{"line":2485,"column":11}},"584":{"start":{"line":2487,"column":20},"end":{"line":2487,"column":51}},"585":{"start":{"line":2488,"column":2},"end":{"line":2494,"column":3}},"586":{"start":{"line":2489,"column":4},"end":{"line":2489,"column":46}},"587":{"start":{"line":2491,"column":4},"end":{"line":2491,"column":35}},"588":{"start":{"line":2492,"column":4},"end":{"line":2492,"column":46}},"589":{"start":{"line":2493,"column":4},"end":{"line":2493,"column":49}},"590":{"start":{"line":2501,"column":0},"end":{"line":2501,"column":27}},"591":{"start":{"line":2502,"column":0},"end":{"line":2502,"column":39}},"592":{"start":{"line":2518,"column":2},"end":{"line":2520,"column":3}},"593":{"start":{"line":2519,"column":4},"end":{"line":2519,"column":74}},"594":{"start":{"line":2522,"column":21},"end":{"line":2522,"column":67}},"595":{"start":{"line":2523,"column":2},"end":{"line":2525,"column":3}},"596":{"start":{"line":2524,"column":4},"end":{"line":2524,"column":24}},"597":{"start":{"line":2528,"column":2},"end":{"line":2528,"column":72}},"598":{"start":{"line":2539,"column":2},"end":{"line":2542,"column":3}},"599":{"start":{"line":2541,"column":4},"end":{"line":2541,"column":81}},"600":{"start":{"line":2545,"column":2},"end":{"line":2550,"column":3}},"601":{"start":{"line":2549,"column":4},"end":{"line":2549,"column":16}},"602":{"start":{"line":2554,"column":2},"end":{"line":2557,"column":3}},"603":{"start":{"line":2556,"column":4},"end":{"line":2556,"column":17}},"604":{"start":{"line":2558,"column":2},"end":{"line":2558,"column":14}},"605":{"start":{"line":2574,"column":2},"end":{"line":2574,"column":26}},"606":{"start":{"line":2575,"column":2},"end":{"line":2575,"column":92}},"607":{"start":{"line":2576,"column":19},"end":{"line":2576,"column":48}},"608":{"start":{"line":2579,"column":26},"end":{"line":2579,"column":92}},"609":{"start":{"line":2580,"column":2},"end":{"line":2582,"column":3}},"610":{"start":{"line":2581,"column":4},"end":{"line":2581,"column":29}},"611":{"start":{"line":2583,"column":27},"end":{"line":2583,"column":93}},"612":{"start":{"line":2584,"column":2},"end":{"line":2586,"column":3}},"613":{"start":{"line":2585,"column":4},"end":{"line":2585,"column":30}},"614":{"start":{"line":2589,"column":2},"end":{"line":2603,"column":3}},"615":{"start":{"line":2590,"column":27},"end":{"line":2590,"column":72}},"616":{"start":{"line":2592,"column":4},"end":{"line":2595,"column":5}},"617":{"start":{"line":2593,"column":6},"end":{"line":2593,"column":87}},"618":{"start":{"line":2594,"column":6},"end":{"line":2594,"column":30}},"619":{"start":{"line":2598,"column":23},"end":{"line":2598,"column":69}},"620":{"start":{"line":2599,"column":4},"end":{"line":2602,"column":5}},"621":{"start":{"line":2601,"column":6},"end":{"line":2601,"column":26}},"622":{"start":{"line":2605,"column":21},"end":{"line":2605,"column":42}},"623":{"start":{"line":2606,"column":2},"end":{"line":2609,"column":3}},"624":{"start":{"line":2607,"column":4},"end":{"line":2607,"column":74}},"625":{"start":{"line":2608,"column":4},"end":{"line":2608,"column":17}},"626":{"start":{"line":2612,"column":2},"end":{"line":2612,"column":71}},"627":{"start":{"line":2614,"column":15},"end":{"line":2614,"column":97}},"628":{"start":{"line":2615,"column":2},"end":{"line":2615,"column":73}},"629":{"start":{"line":2616,"column":2},"end":{"line":2616,"column":16}},"630":{"start":{"line":2620,"column":2},"end":{"line":2660,"column":3}},"631":{"start":{"line":2626,"column":6},"end":{"line":2626,"column":78}},"632":{"start":{"line":2633,"column":6},"end":{"line":2633,"column":50}},"633":{"start":{"line":2645,"column":6},"end":{"line":2645,"column":71}},"634":{"start":{"line":2647,"column":6},"end":{"line":2647,"column":60}},"635":{"start":{"line":2649,"column":6},"end":{"line":2649,"column":72}},"636":{"start":{"line":2651,"column":6},"end":{"line":2651,"column":117}},"637":{"start":{"line":2653,"column":6},"end":{"line":2653,"column":103}},"638":{"start":{"line":2655,"column":6},"end":{"line":2655,"column":70}},"639":{"start":{"line":2657,"column":6},"end":{"line":2657,"column":70}},"640":{"start":{"line":2659,"column":6},"end":{"line":2659,"column":69}},"641":{"start":{"line":2672,"column":2},"end":{"line":2672,"column":68}},"642":{"start":{"line":2686,"column":2},"end":{"line":2688,"column":3}},"643":{"start":{"line":2687,"column":4},"end":{"line":2687,"column":17}},"644":{"start":{"line":2689,"column":2},"end":{"line":2691,"column":3}},"645":{"start":{"line":2690,"column":4},"end":{"line":2690,"column":16}},"646":{"start":{"line":2692,"column":22},"end":{"line":2692,"column":24}},"647":{"start":{"line":2693,"column":23},"end":{"line":2693,"column":25}},"648":{"start":{"line":2694,"column":2},"end":{"line":2696,"column":5}},"649":{"start":{"line":2695,"column":4},"end":{"line":2695,"column":39}},"650":{"start":{"line":2697,"column":2},"end":{"line":2699,"column":5}},"651":{"start":{"line":2698,"column":4},"end":{"line":2698,"column":40}},"652":{"start":{"line":2700,"column":2},"end":{"line":2700,"column":77}},"653":{"start":{"line":2713,"column":15},"end":{"line":2713,"column":37}},"654":{"start":{"line":2714,"column":2},"end":{"line":2716,"column":3}},"655":{"start":{"line":2715,"column":4},"end":{"line":2715,"column":17}},"656":{"start":{"line":2717,"column":2},"end":{"line":2719,"column":3}},"657":{"start":{"line":2718,"column":4},"end":{"line":2718,"column":16}},"658":{"start":{"line":2720,"column":14},"end":{"line":2720,"column":16}},"659":{"start":{"line":2721,"column":2},"end":{"line":2725,"column":3}},"660":{"start":{"line":2722,"column":4},"end":{"line":2724,"column":5}},"661":{"start":{"line":2723,"column":6},"end":{"line":2723,"column":19}},"662":{"start":{"line":2726,"column":2},"end":{"line":2726,"column":14}},"663":{"start":{"line":2739,"column":2},"end":{"line":2739,"column":109}},"664":{"start":{"line":2749,"column":2},"end":{"line":2752,"column":50}},"665":{"start":{"line":2763,"column":2},"end":{"line":2769,"column":3}},"666":{"start":{"line":2764,"column":4},"end":{"line":2768,"column":5}},"667":{"start":{"line":2765,"column":6},"end":{"line":2765,"column":60}},"668":{"start":{"line":2767,"column":6},"end":{"line":2767,"column":16}},"669":{"start":{"line":2770,"column":2},"end":{"line":2770,"column":12}},"670":{"start":{"line":2780,"column":24},"end":{"line":2780,"column":40}},"671":{"start":{"line":2781,"column":20},"end":{"line":2781,"column":45}},"672":{"start":{"line":2782,"column":2},"end":{"line":2785,"column":3}},"673":{"start":{"line":2783,"column":4},"end":{"line":2783,"column":39}},"674":{"start":{"line":2784,"column":4},"end":{"line":2784,"column":44}},"675":{"start":{"line":2786,"column":2},"end":{"line":2786,"column":21}},"676":{"start":{"line":2796,"column":13},"end":{"line":2796,"column":15}},"677":{"start":{"line":2797,"column":2},"end":{"line":2799,"column":3}},"678":{"start":{"line":2798,"column":4},"end":{"line":2798,"column":19}},"679":{"start":{"line":2800,"column":2},"end":{"line":2800,"column":14}},"680":{"start":{"line":2814,"column":15},"end":{"line":2814,"column":26}},"681":{"start":{"line":2815,"column":2},"end":{"line":2817,"column":3}},"682":{"start":{"line":2816,"column":4},"end":{"line":2816,"column":16}},"683":{"start":{"line":2818,"column":2},"end":{"line":2822,"column":3}},"684":{"start":{"line":2819,"column":4},"end":{"line":2821,"column":5}},"685":{"start":{"line":2820,"column":6},"end":{"line":2820,"column":19}},"686":{"start":{"line":2823,"column":2},"end":{"line":2823,"column":14}},"687":{"start":{"line":2837,"column":21},"end":{"line":2837,"column":55}},"688":{"start":{"line":2838,"column":22},"end":{"line":2838,"column":57}},"689":{"start":{"line":2839,"column":2},"end":{"line":2846,"column":3}},"690":{"start":{"line":2840,"column":4},"end":{"line":2840,"column":24}},"691":{"start":{"line":2841,"column":4},"end":{"line":2841,"column":25}},"692":{"start":{"line":2842,"column":4},"end":{"line":2844,"column":5}},"693":{"start":{"line":2843,"column":6},"end":{"line":2843,"column":19}},"694":{"start":{"line":2845,"column":4},"end":{"line":2845,"column":79}},"695":{"start":{"line":2848,"column":24},"end":{"line":2848,"column":59}},"696":{"start":{"line":2849,"column":25},"end":{"line":2849,"column":61}},"697":{"start":{"line":2850,"column":2},"end":{"line":2854,"column":3}},"698":{"start":{"line":2851,"column":4},"end":{"line":2851,"column":27}},"699":{"start":{"line":2852,"column":4},"end":{"line":2852,"column":28}},"700":{"start":{"line":2853,"column":4},"end":{"line":2853,"column":69}},"701":{"start":{"line":2856,"column":2},"end":{"line":2861,"column":3}},"702":{"start":{"line":2860,"column":4},"end":{"line":2860,"column":16}},"703":{"start":{"line":2863,"column":2},"end":{"line":2863,"column":15}},"704":{"start":{"line":2876,"column":2},"end":{"line":2876,"column":53}},"705":{"start":{"line":2890,"column":11},"end":{"line":2890,"column":33}},"706":{"start":{"line":2891,"column":11},"end":{"line":2891,"column":33}},"707":{"start":{"line":2892,"column":21},"end":{"line":2892,"column":43}},"708":{"start":{"line":2893,"column":20},"end":{"line":2893,"column":42}},"709":{"start":{"line":2921,"column":0},"end":{"line":2955,"column":2}},"710":{"start":{"line":2922,"column":2},"end":{"line":2922,"column":58}},"711":{"start":{"line":2924,"column":2},"end":{"line":2954,"column":5}},"712":{"start":{"line":2941,"column":8},"end":{"line":2943,"column":9}},"713":{"start":{"line":2942,"column":10},"end":{"line":2942,"column":45}},"714":{"start":{"line":2945,"column":21},"end":{"line":2945,"column":38}},"715":{"start":{"line":2946,"column":8},"end":{"line":2947,"column":24}},"716":{"start":{"line":2947,"column":10},"end":{"line":2947,"column":24}},"717":{"start":{"line":2949,"column":27},"end":{"line":2949,"column":47}},"718":{"start":{"line":2950,"column":8},"end":{"line":2950,"column":42}},"719":{"start":{"line":2951,"column":8},"end":{"line":2951,"column":28}},"720":{"start":{"line":2968,"column":21},"end":{"line":2968,"column":43}},"721":{"start":{"line":2969,"column":11},"end":{"line":2969,"column":33}},"722":{"start":{"line":2970,"column":11},"end":{"line":2970,"column":33}},"723":{"start":{"line":2971,"column":14},"end":{"line":2971,"column":36}},"724":{"start":{"line":2972,"column":20},"end":{"line":2972,"column":42}},"725":{"start":{"line":3000,"column":0},"end":{"line":3029,"column":2}},"726":{"start":{"line":3001,"column":22},"end":{"line":3025,"column":3}},"727":{"start":{"line":3014,"column":4},"end":{"line":3016,"column":5}},"728":{"start":{"line":3015,"column":6},"end":{"line":3015,"column":40}},"729":{"start":{"line":3018,"column":17},"end":{"line":3018,"column":46}},"730":{"start":{"line":3019,"column":4},"end":{"line":3020,"column":20}},"731":{"start":{"line":3020,"column":6},"end":{"line":3020,"column":20}},"732":{"start":{"line":3022,"column":23},"end":{"line":3022,"column":43}},"733":{"start":{"line":3023,"column":4},"end":{"line":3023,"column":38}},"734":{"start":{"line":3024,"column":4},"end":{"line":3024,"column":24}},"735":{"start":{"line":3027,"column":2},"end":{"line":3027,"column":45}},"736":{"start":{"line":3028,"column":2},"end":{"line":3028,"column":43}},"737":{"start":{"line":3042,"column":11},"end":{"line":3042,"column":33}},"738":{"start":{"line":3043,"column":11},"end":{"line":3043,"column":33}},"739":{"start":{"line":3044,"column":21},"end":{"line":3044,"column":43}},"740":{"start":{"line":3045,"column":20},"end":{"line":3045,"column":42}},"741":{"start":{"line":3081,"column":0},"end":{"line":3127,"column":2}},"742":{"start":{"line":3082,"column":13},"end":{"line":3082,"column":55}},"743":{"start":{"line":3083,"column":15},"end":{"line":3083,"column":29}},"744":{"start":{"line":3085,"column":2},"end":{"line":3086,"column":21}},"745":{"start":{"line":3086,"column":4},"end":{"line":3086,"column":21}},"746":{"start":{"line":3088,"column":2},"end":{"line":3126,"column":5}},"747":{"start":{"line":3105,"column":8},"end":{"line":3107,"column":9}},"748":{"start":{"line":3106,"column":10},"end":{"line":3106,"column":56}},"749":{"start":{"line":3112,"column":27},"end":{"line":3112,"column":49}},"750":{"start":{"line":3113,"column":8},"end":{"line":3113,"column":37}},"751":{"start":{"line":3114,"column":21},"end":{"line":3114,"column":46}},"752":{"start":{"line":3115,"column":8},"end":{"line":3115,"column":45}},"753":{"start":{"line":3117,"column":8},"end":{"line":3119,"column":9}},"754":{"start":{"line":3118,"column":10},"end":{"line":3118,"column":24}},"755":{"start":{"line":3121,"column":27},"end":{"line":3121,"column":47}},"756":{"start":{"line":3122,"column":8},"end":{"line":3122,"column":42}},"757":{"start":{"line":3123,"column":8},"end":{"line":3123,"column":28}},"758":{"start":{"line":3140,"column":21},"end":{"line":3140,"column":43}},"759":{"start":{"line":3141,"column":11},"end":{"line":3141,"column":33}},"760":{"start":{"line":3142,"column":11},"end":{"line":3142,"column":33}},"761":{"start":{"line":3143,"column":14},"end":{"line":3143,"column":36}},"762":{"start":{"line":3144,"column":20},"end":{"line":3144,"column":42}},"763":{"start":{"line":3180,"column":0},"end":{"line":3225,"column":2}},"764":{"start":{"line":3181,"column":16},"end":{"line":3181,"column":25}},"765":{"start":{"line":3182,"column":15},"end":{"line":3184,"column":5}},"766":{"start":{"line":3183,"column":6},"end":{"line":3183,"column":51}},"767":{"start":{"line":3186,"column":2},"end":{"line":3187,"column":21}},"768":{"start":{"line":3187,"column":4},"end":{"line":3187,"column":21}},"769":{"start":{"line":3189,"column":33},"end":{"line":3221,"column":3}},"770":{"start":{"line":3202,"column":4},"end":{"line":3204,"column":5}},"771":{"start":{"line":3203,"column":6},"end":{"line":3203,"column":51}},"772":{"start":{"line":3209,"column":23},"end":{"line":3209,"column":45}},"773":{"start":{"line":3210,"column":4},"end":{"line":3210,"column":33}},"774":{"start":{"line":3211,"column":17},"end":{"line":3211,"column":54}},"775":{"start":{"line":3212,"column":4},"end":{"line":3212,"column":41}},"776":{"start":{"line":3214,"column":4},"end":{"line":3216,"column":5}},"777":{"start":{"line":3215,"column":6},"end":{"line":3215,"column":20}},"778":{"start":{"line":3218,"column":23},"end":{"line":3218,"column":43}},"779":{"start":{"line":3219,"column":4},"end":{"line":3219,"column":38}},"780":{"start":{"line":3220,"column":4},"end":{"line":3220,"column":24}},"781":{"start":{"line":3223,"column":2},"end":{"line":3223,"column":56}},"782":{"start":{"line":3224,"column":2},"end":{"line":3224,"column":54}},"783":{"start":{"line":3242,"column":21},"end":{"line":3242,"column":43}},"784":{"start":{"line":3243,"column":11},"end":{"line":3243,"column":33}},"785":{"start":{"line":3244,"column":11},"end":{"line":3244,"column":33}},"786":{"start":{"line":3245,"column":14},"end":{"line":3245,"column":36}},"787":{"start":{"line":3246,"column":20},"end":{"line":3246,"column":42}},"788":{"start":{"line":3253,"column":22},"end":{"line":3253,"column":65}},"789":{"start":{"line":3257,"column":13},"end":{"line":3257,"column":26}},"790":{"start":{"line":3258,"column":19},"end":{"line":3269,"column":2}},"791":{"start":{"line":3259,"column":17},"end":{"line":3259,"column":62}},"792":{"start":{"line":3265,"column":2},"end":{"line":3266,"column":16}},"793":{"start":{"line":3266,"column":4},"end":{"line":3266,"column":16}},"794":{"start":{"line":3268,"column":2},"end":{"line":3268,"column":32}},"795":{"start":{"line":3272,"column":12},"end":{"line":3272,"column":35}},"796":{"start":{"line":3273,"column":12},"end":{"line":3273,"column":36}},"797":{"start":{"line":3304,"column":0},"end":{"line":3383,"column":2}},"798":{"start":{"line":3305,"column":2},"end":{"line":3307,"column":3}},"799":{"start":{"line":3306,"column":4},"end":{"line":3306,"column":39}},"800":{"start":{"line":3309,"column":26},"end":{"line":3312,"column":3}},"801":{"start":{"line":3315,"column":2},"end":{"line":3317,"column":3}},"802":{"start":{"line":3316,"column":4},"end":{"line":3316,"column":23}},"803":{"start":{"line":3318,"column":2},"end":{"line":3318,"column":42}},"804":{"start":{"line":3320,"column":2},"end":{"line":3382,"column":5}},"805":{"start":{"line":3322,"column":8},"end":{"line":3322,"column":54}},"806":{"start":{"line":3324,"column":37},"end":{"line":3352,"column":9}},"807":{"start":{"line":3340,"column":10},"end":{"line":3342,"column":11}},"808":{"start":{"line":3341,"column":12},"end":{"line":3341,"column":55}},"809":{"start":{"line":3344,"column":23},"end":{"line":3344,"column":70}},"810":{"start":{"line":3345,"column":10},"end":{"line":3347,"column":11}},"811":{"start":{"line":3346,"column":12},"end":{"line":3346,"column":26}},"812":{"start":{"line":3349,"column":29},"end":{"line":3349,"column":49}},"813":{"start":{"line":3350,"column":10},"end":{"line":3350,"column":44}},"814":{"start":{"line":3351,"column":10},"end":{"line":3351,"column":30}},"815":{"start":{"line":3354,"column":8},"end":{"line":3354,"column":59}},"816":{"start":{"line":3357,"column":8},"end":{"line":3376,"column":9}},"817":{"start":{"line":3359,"column":26},"end":{"line":3359,"column":45}},"818":{"start":{"line":3361,"column":10},"end":{"line":3361,"column":32}},"819":{"start":{"line":3362,"column":10},"end":{"line":3362,"column":34}},"820":{"start":{"line":3363,"column":10},"end":{"line":3363,"column":67}},"821":{"start":{"line":3367,"column":30},"end":{"line":3367,"column":61}},"822":{"start":{"line":3368,"column":10},"end":{"line":3375,"column":13}},"823":{"start":{"line":3369,"column":12},"end":{"line":3371,"column":13}},"824":{"start":{"line":3370,"column":14},"end":{"line":3370,"column":21}},"825":{"start":{"line":3373,"column":21},"end":{"line":3373,"column":71}},"826":{"start":{"line":3374,"column":12},"end":{"line":3374,"column":76}},"827":{"start":{"line":3378,"column":8},"end":{"line":3378,"column":52}},"828":{"start":{"line":3379,"column":8},"end":{"line":3379,"column":47}},"829":{"start":{"line":3396,"column":11},"end":{"line":3396,"column":33}},"830":{"start":{"line":3397,"column":20},"end":{"line":3397,"column":42}},"831":{"start":{"line":3432,"column":0},"end":{"line":3458,"column":2}},"832":{"start":{"line":3433,"column":26},"end":{"line":3433,"column":45}},"833":{"start":{"line":3435,"column":26},"end":{"line":3435,"column":60}},"834":{"start":{"line":3436,"column":2},"end":{"line":3445,"column":4}},"835":{"start":{"line":3437,"column":17},"end":{"line":3437,"column":63}},"836":{"start":{"line":3438,"column":4},"end":{"line":3440,"column":5}},"837":{"start":{"line":3439,"column":6},"end":{"line":3439,"column":20}},"838":{"start":{"line":3442,"column":23},"end":{"line":3442,"column":43}},"839":{"start":{"line":3443,"column":4},"end":{"line":3443,"column":38}},"840":{"start":{"line":3444,"column":4},"end":{"line":3444,"column":24}},"841":{"start":{"line":3447,"column":16},"end":{"line":3447,"column":40}},"842":{"start":{"line":3448,"column":2},"end":{"line":3457,"column":4}},"843":{"start":{"line":3449,"column":17},"end":{"line":3449,"column":55}},"844":{"start":{"line":3450,"column":4},"end":{"line":3452,"column":5}},"845":{"start":{"line":3451,"column":6},"end":{"line":3451,"column":20}},"846":{"start":{"line":3454,"column":23},"end":{"line":3454,"column":43}},"847":{"start":{"line":3455,"column":4},"end":{"line":3455,"column":38}},"848":{"start":{"line":3456,"column":4},"end":{"line":3456,"column":24}},"849":{"start":{"line":3475,"column":14},"end":{"line":3475,"column":36}},"850":{"start":{"line":3493,"column":0},"end":{"line":3495,"column":2}},"851":{"start":{"line":3494,"column":2},"end":{"line":3494,"column":42}},"852":{"start":{"line":3512,"column":38},"end":{"line":3512,"column":61}},"853":{"start":{"line":3528,"column":0},"end":{"line":3530,"column":2}},"854":{"start":{"line":3529,"column":2},"end":{"line":3529,"column":71}},"855":{"start":{"line":3569,"column":2},"end":{"line":3569,"column":60}},"856":{"start":{"line":3589,"column":2},"end":{"line":3595,"column":3}},"857":{"start":{"line":3591,"column":4},"end":{"line":3591,"column":99}},"858":{"start":{"line":3592,"column":9},"end":{"line":3595,"column":3}},"859":{"start":{"line":3594,"column":4},"end":{"line":3594,"column":75}},"860":{"start":{"line":3597,"column":2},"end":{"line":3597,"column":15}},"861":{"start":{"line":3615,"column":25},"end":{"line":3615,"column":77}},"862":{"start":{"line":3616,"column":2},"end":{"line":3620,"column":3}},"863":{"start":{"line":3617,"column":4},"end":{"line":3617,"column":45}},"864":{"start":{"line":3618,"column":9},"end":{"line":3620,"column":3}},"865":{"start":{"line":3619,"column":4},"end":{"line":3619,"column":55}},"866":{"start":{"line":3622,"column":2},"end":{"line":3622,"column":15}},"867":{"start":{"line":3637,"column":24},"end":{"line":3637,"column":80}},"868":{"start":{"line":3639,"column":13},"end":{"line":3639,"column":15}},"869":{"start":{"line":3640,"column":2},"end":{"line":3648,"column":3}},"870":{"start":{"line":3642,"column":16},"end":{"line":3642,"column":62}},"871":{"start":{"line":3643,"column":4},"end":{"line":3645,"column":5}},"872":{"start":{"line":3644,"column":6},"end":{"line":3644,"column":22}},"873":{"start":{"line":3647,"column":4},"end":{"line":3647,"column":30}},"874":{"start":{"line":3650,"column":2},"end":{"line":3650,"column":14}},"875":{"start":{"line":3665,"column":24},"end":{"line":3665,"column":33}},"876":{"start":{"line":3666,"column":2},"end":{"line":3674,"column":3}},"877":{"start":{"line":3667,"column":4},"end":{"line":3667,"column":61}},"878":{"start":{"line":3668,"column":9},"end":{"line":3674,"column":3}},"879":{"start":{"line":3672,"column":4},"end":{"line":3673,"column":41}},"880":{"start":{"line":3676,"column":2},"end":{"line":3676,"column":25}},"881":{"start":{"line":3693,"column":12},"end":{"line":3693,"column":14}},"882":{"start":{"line":3694,"column":2},"end":{"line":3698,"column":3}},"883":{"start":{"line":3695,"column":4},"end":{"line":3695,"column":28}},"884":{"start":{"line":3696,"column":9},"end":{"line":3698,"column":3}},"885":{"start":{"line":3697,"column":4},"end":{"line":3697,"column":20}},"886":{"start":{"line":3700,"column":2},"end":{"line":3700,"column":13}},"887":{"start":{"line":3703,"column":0},"end":{"line":3709,"column":2}},"888":{"start":{"line":3737,"column":2},"end":{"line":3737,"column":25}},"889":{"start":{"line":3741,"column":0},"end":{"line":3741,"column":39}},"890":{"start":{"line":3755,"column":13},"end":{"line":3755,"column":35}},"891":{"start":{"line":3757,"column":0},"end":{"line":3912,"column":2}},"892":{"start":{"line":3762,"column":23},"end":{"line":3762,"column":43}},"893":{"start":{"line":3763,"column":13},"end":{"line":3763,"column":22}},"894":{"start":{"line":3769,"column":2},"end":{"line":3769,"column":30}},"895":{"start":{"line":3810,"column":4},"end":{"line":3810,"column":42}},"896":{"start":{"line":3811,"column":4},"end":{"line":3811,"column":37}},"897":{"start":{"line":3812,"column":4},"end":{"line":3812,"column":30}},"898":{"start":{"line":3813,"column":4},"end":{"line":3813,"column":31}},"899":{"start":{"line":3815,"column":4},"end":{"line":3815,"column":30}},"900":{"start":{"line":3818,"column":2},"end":{"line":3827,"column":5}},"901":{"start":{"line":3820,"column":6},"end":{"line":3820,"column":98}},"902":{"start":{"line":3821,"column":6},"end":{"line":3821,"column":33}},"903":{"start":{"line":3824,"column":6},"end":{"line":3824,"column":98}},"904":{"start":{"line":3825,"column":6},"end":{"line":3825,"column":34}},"905":{"start":{"line":3829,"column":2},"end":{"line":3838,"column":5}},"906":{"start":{"line":3831,"column":6},"end":{"line":3831,"column":90}},"907":{"start":{"line":3832,"column":6},"end":{"line":3832,"column":29}},"908":{"start":{"line":3835,"column":6},"end":{"line":3835,"column":90}},"909":{"start":{"line":3836,"column":6},"end":{"line":3836,"column":30}},"910":{"start":{"line":3840,"column":2},"end":{"line":3842,"column":4}},"911":{"start":{"line":3841,"column":4},"end":{"line":3841,"column":47}},"912":{"start":{"line":3844,"column":2},"end":{"line":3846,"column":4}},"913":{"start":{"line":3845,"column":4},"end":{"line":3845,"column":45}},"914":{"start":{"line":3848,"column":2},"end":{"line":3850,"column":4}},"915":{"start":{"line":3849,"column":4},"end":{"line":3849,"column":72}},"916":{"start":{"line":3852,"column":2},"end":{"line":3854,"column":4}},"917":{"start":{"line":3853,"column":4},"end":{"line":3853,"column":53}},"918":{"start":{"line":3856,"column":2},"end":{"line":3858,"column":4}},"919":{"start":{"line":3857,"column":4},"end":{"line":3857,"column":51}},"920":{"start":{"line":3860,"column":2},"end":{"line":3862,"column":4}},"921":{"start":{"line":3861,"column":4},"end":{"line":3861,"column":78}},"922":{"start":{"line":3879,"column":2},"end":{"line":3894,"column":4}},"923":{"start":{"line":3880,"column":13},"end":{"line":3880,"column":39}},"924":{"start":{"line":3881,"column":4},"end":{"line":3881,"column":44}},"925":{"start":{"line":3881,"column":28},"end":{"line":3881,"column":44}},"926":{"start":{"line":3882,"column":4},"end":{"line":3882,"column":74}},"927":{"start":{"line":3882,"column":57},"end":{"line":3882,"column":74}},"928":{"start":{"line":3883,"column":4},"end":{"line":3883,"column":51}},"929":{"start":{"line":3883,"column":34},"end":{"line":3883,"column":51}},"930":{"start":{"line":3885,"column":4},"end":{"line":3893,"column":5}},"931":{"start":{"line":3886,"column":6},"end":{"line":3886,"column":45}},"932":{"start":{"line":3887,"column":19},"end":{"line":3887,"column":50}},"933":{"start":{"line":3888,"column":6},"end":{"line":3892,"column":67}},"934":{"start":{"line":3904,"column":2},"end":{"line":3911,"column":5}},"935":{"start":{"line":3906,"column":8},"end":{"line":3906,"column":36}},"936":{"start":{"line":3909,"column":8},"end":{"line":3909,"column":34}},"937":{"start":{"line":3926,"column":0},"end":{"line":7647,"column":2}},"938":{"start":{"line":3927,"column":18},"end":{"line":3927,"column":32}},"939":{"start":{"line":3928,"column":23},"end":{"line":3928,"column":42}},"940":{"start":{"line":3929,"column":13},"end":{"line":3929,"column":19}},"941":{"start":{"line":3960,"column":2},"end":{"line":3965,"column":5}},"942":{"start":{"line":3964,"column":4},"end":{"line":3964,"column":33}},"943":{"start":{"line":3990,"column":2},"end":{"line":3992,"column":5}},"944":{"start":{"line":3991,"column":4},"end":{"line":3991,"column":31}},"945":{"start":{"line":4031,"column":2},"end":{"line":4033,"column":5}},"946":{"start":{"line":4032,"column":4},"end":{"line":4032,"column":29}},"947":{"start":{"line":4057,"column":2},"end":{"line":4059,"column":5}},"948":{"start":{"line":4058,"column":4},"end":{"line":4058,"column":31}},"949":{"start":{"line":4082,"column":2},"end":{"line":4084,"column":5}},"950":{"start":{"line":4083,"column":4},"end":{"line":4083,"column":28}},"951":{"start":{"line":4106,"column":2},"end":{"line":4108,"column":5}},"952":{"start":{"line":4107,"column":4},"end":{"line":4107,"column":32}},"953":{"start":{"line":4126,"column":2},"end":{"line":4129,"column":5}},"954":{"start":{"line":4127,"column":4},"end":{"line":4127,"column":28}},"955":{"start":{"line":4128,"column":4},"end":{"line":4128,"column":29}},"956":{"start":{"line":4152,"column":2},"end":{"line":4155,"column":5}},"957":{"start":{"line":4153,"column":4},"end":{"line":4153,"column":28}},"958":{"start":{"line":4154,"column":4},"end":{"line":4154,"column":29}},"959":{"start":{"line":4218,"column":4},"end":{"line":4218,"column":40}},"960":{"start":{"line":4218,"column":13},"end":{"line":4218,"column":40}},"961":{"start":{"line":4219,"column":4},"end":{"line":4219,"column":30}},"962":{"start":{"line":4220,"column":14},"end":{"line":4220,"column":34}},"963":{"start":{"line":4221,"column":18},"end":{"line":4221,"column":85}},"964":{"start":{"line":4223,"column":4},"end":{"line":4227,"column":6}},"965":{"start":{"line":4230,"column":2},"end":{"line":4230,"column":41}},"966":{"start":{"line":4231,"column":2},"end":{"line":4231,"column":40}},"967":{"start":{"line":4381,"column":4},"end":{"line":4381,"column":49}},"968":{"start":{"line":4385,"column":4},"end":{"line":4385,"column":33}},"969":{"start":{"line":4389,"column":4},"end":{"line":4389,"column":40}},"970":{"start":{"line":4389,"column":13},"end":{"line":4389,"column":40}},"971":{"start":{"line":4391,"column":14},"end":{"line":4391,"column":34}},"972":{"start":{"line":4392,"column":18},"end":{"line":4392,"column":43}},"973":{"start":{"line":4393,"column":18},"end":{"line":4393,"column":39}},"974":{"start":{"line":4394,"column":17},"end":{"line":4394,"column":37}},"975":{"start":{"line":4395,"column":15},"end":{"line":4395,"column":33}},"976":{"start":{"line":4396,"column":17},"end":{"line":4396,"column":35}},"977":{"start":{"line":4397,"column":21},"end":{"line":4397,"column":42}},"978":{"start":{"line":4399,"column":4},"end":{"line":4399,"column":44}},"979":{"start":{"line":4401,"column":19},"end":{"line":4401,"column":24}},"980":{"start":{"line":4403,"column":4},"end":{"line":4493,"column":5}},"981":{"start":{"line":4405,"column":8},"end":{"line":4405,"column":43}},"982":{"start":{"line":4406,"column":8},"end":{"line":4406,"column":14}},"983":{"start":{"line":4409,"column":8},"end":{"line":4415,"column":9}},"984":{"start":{"line":4410,"column":10},"end":{"line":4414,"column":12}},"985":{"start":{"line":4417,"column":8},"end":{"line":4417,"column":32}},"986":{"start":{"line":4418,"column":8},"end":{"line":4418,"column":14}},"987":{"start":{"line":4421,"column":20},"end":{"line":4421,"column":50}},"988":{"start":{"line":4422,"column":8},"end":{"line":4424,"column":11}},"989":{"start":{"line":4423,"column":10},"end":{"line":4423,"column":50}},"990":{"start":{"line":4425,"column":8},"end":{"line":4425,"column":14}},"991":{"start":{"line":4428,"column":8},"end":{"line":4434,"column":9}},"992":{"start":{"line":4429,"column":10},"end":{"line":4431,"column":13}},"993":{"start":{"line":4430,"column":12},"end":{"line":4430,"column":52}},"994":{"start":{"line":4433,"column":10},"end":{"line":4433,"column":34}},"995":{"start":{"line":4435,"column":8},"end":{"line":4435,"column":14}},"996":{"start":{"line":4438,"column":8},"end":{"line":4444,"column":9}},"997":{"start":{"line":4439,"column":10},"end":{"line":4441,"column":12}},"998":{"start":{"line":4440,"column":12},"end":{"line":4440,"column":36}},"999":{"start":{"line":4443,"column":10},"end":{"line":4443,"column":45}},"1000":{"start":{"line":4445,"column":8},"end":{"line":4445,"column":14}},"1001":{"start":{"line":4451,"column":8},"end":{"line":4458,"column":9}},"1002":{"start":{"line":4452,"column":10},"end":{"line":4457,"column":12}},"1003":{"start":{"line":4460,"column":20},"end":{"line":4460,"column":36}},"1004":{"start":{"line":4461,"column":23},"end":{"line":4461,"column":27}},"1005":{"start":{"line":4462,"column":22},"end":{"line":4462,"column":23}},"1006":{"start":{"line":4464,"column":8},"end":{"line":4483,"column":17}},"1007":{"start":{"line":4465,"column":30},"end":{"line":4465,"column":48}},"1008":{"start":{"line":4466,"column":10},"end":{"line":4466,"column":53}},"1009":{"start":{"line":4467,"column":10},"end":{"line":4467,"column":48}},"1010":{"start":{"line":4469,"column":10},"end":{"line":4472,"column":11}},"1011":{"start":{"line":4470,"column":12},"end":{"line":4470,"column":52}},"1012":{"start":{"line":4471,"column":12},"end":{"line":4471,"column":19}},"1013":{"start":{"line":4474,"column":10},"end":{"line":4482,"column":11}},"1014":{"start":{"line":4475,"column":12},"end":{"line":4475,"column":52}},"1015":{"start":{"line":4477,"column":12},"end":{"line":4479,"column":13}},"1016":{"start":{"line":4478,"column":14},"end":{"line":4478,"column":24}},"1017":{"start":{"line":4480,"column":12},"end":{"line":4480,"column":50}},"1018":{"start":{"line":4480,"column":35},"end":{"line":4480,"column":50}},"1019":{"start":{"line":4481,"column":12},"end":{"line":4481,"column":22}},"1020":{"start":{"line":4489,"column":8},"end":{"line":4491,"column":9}},"1021":{"start":{"line":4490,"column":10},"end":{"line":4490,"column":25}},"1022":{"start":{"line":4492,"column":8},"end":{"line":4492,"column":15}},"1023":{"start":{"line":4496,"column":4},"end":{"line":4499,"column":79}},"1024":{"start":{"line":4502,"column":2},"end":{"line":4502,"column":76}},"1025":{"start":{"line":4503,"column":2},"end":{"line":4503,"column":76}},"1026":{"start":{"line":4504,"column":2},"end":{"line":4504,"column":77}},"1027":{"start":{"line":4505,"column":2},"end":{"line":4505,"column":77}},"1028":{"start":{"line":4543,"column":2},"end":{"line":4548,"column":5}},"1029":{"start":{"line":4544,"column":4},"end":{"line":4547,"column":40}},"1030":{"start":{"line":4576,"column":2},"end":{"line":4583,"column":5}},"1031":{"start":{"line":4577,"column":4},"end":{"line":4582,"column":6}},"1032":{"start":{"line":4611,"column":2},"end":{"line":4618,"column":5}},"1033":{"start":{"line":4612,"column":4},"end":{"line":4617,"column":6}},"1034":{"start":{"line":4643,"column":2},"end":{"line":4649,"column":5}},"1035":{"start":{"line":4644,"column":4},"end":{"line":4648,"column":6}},"1036":{"start":{"line":4674,"column":2},"end":{"line":4680,"column":5}},"1037":{"start":{"line":4675,"column":4},"end":{"line":4679,"column":6}},"1038":{"start":{"line":4705,"column":2},"end":{"line":4711,"column":5}},"1039":{"start":{"line":4706,"column":4},"end":{"line":4710,"column":6}},"1040":{"start":{"line":4743,"column":2},"end":{"line":4750,"column":5}},"1041":{"start":{"line":4744,"column":14},"end":{"line":4744,"column":34}},"1042":{"start":{"line":4745,"column":4},"end":{"line":4749,"column":6}},"1043":{"start":{"line":4801,"column":2},"end":{"line":4844,"column":5}},"1044":{"start":{"line":4802,"column":14},"end":{"line":4802,"column":34}},"1045":{"start":{"line":4803,"column":15},"end":{"line":4803,"column":33}},"1046":{"start":{"line":4804,"column":18},"end":{"line":4804,"column":39}},"1047":{"start":{"line":4807,"column":4},"end":{"line":4807,"column":44}},"1048":{"start":{"line":4809,"column":4},"end":{"line":4837,"column":5}},"1049":{"start":{"line":4812,"column":8},"end":{"line":4812,"column":32}},"1050":{"start":{"line":4813,"column":8},"end":{"line":4813,"column":14}},"1051":{"start":{"line":4816,"column":8},"end":{"line":4816,"column":30}},"1052":{"start":{"line":4817,"column":8},"end":{"line":4817,"column":14}},"1053":{"start":{"line":4820,"column":8},"end":{"line":4824,"column":10}},"1054":{"start":{"line":4826,"column":18},"end":{"line":4826,"column":76}},"1055":{"start":{"line":4827,"column":8},"end":{"line":4827,"column":62}},"1056":{"start":{"line":4829,"column":8},"end":{"line":4835,"column":9}},"1057":{"start":{"line":4830,"column":10},"end":{"line":4834,"column":12}},"1058":{"start":{"line":4836,"column":8},"end":{"line":4836,"column":45}},"1059":{"start":{"line":4839,"column":4},"end":{"line":4843,"column":6}},"1060":{"start":{"line":4877,"column":14},"end":{"line":4877,"column":34}},"1061":{"start":{"line":4878,"column":15},"end":{"line":4878,"column":26}},"1062":{"start":{"line":4879,"column":4},"end":{"line":4883,"column":6}},"1063":{"start":{"line":4886,"column":2},"end":{"line":4886,"column":53}},"1064":{"start":{"line":4887,"column":2},"end":{"line":4887,"column":53}},"1065":{"start":{"line":4935,"column":4},"end":{"line":4935,"column":40}},"1066":{"start":{"line":4935,"column":13},"end":{"line":4935,"column":40}},"1067":{"start":{"line":4936,"column":14},"end":{"line":4936,"column":34}},"1068":{"start":{"line":4937,"column":4},"end":{"line":4948,"column":5}},"1069":{"start":{"line":4938,"column":6},"end":{"line":4938,"column":27}},"1070":{"start":{"line":4940,"column":6},"end":{"line":4947,"column":8}},"1071":{"start":{"line":4951,"column":2},"end":{"line":4951,"column":44}},"1072":{"start":{"line":4952,"column":2},"end":{"line":4952,"column":45}},"1073":{"start":{"line":4953,"column":2},"end":{"line":4953,"column":41}},"1074":{"start":{"line":4997,"column":4},"end":{"line":4997,"column":40}},"1075":{"start":{"line":4997,"column":13},"end":{"line":4997,"column":40}},"1076":{"start":{"line":4998,"column":4},"end":{"line":5005,"column":6}},"1077":{"start":{"line":5008,"column":2},"end":{"line":5008,"column":40}},"1078":{"start":{"line":5009,"column":2},"end":{"line":5009,"column":41}},"1079":{"start":{"line":5055,"column":4},"end":{"line":5055,"column":40}},"1080":{"start":{"line":5055,"column":13},"end":{"line":5055,"column":40}},"1081":{"start":{"line":5056,"column":14},"end":{"line":5056,"column":34}},"1082":{"start":{"line":5057,"column":19},"end":{"line":5057,"column":41}},"1083":{"start":{"line":5058,"column":18},"end":{"line":5058,"column":39}},"1084":{"start":{"line":5059,"column":21},"end":{"line":5059,"column":52}},"1085":{"start":{"line":5060,"column":15},"end":{"line":5060,"column":33}},"1086":{"start":{"line":5061,"column":18},"end":{"line":5061,"column":43}},"1087":{"start":{"line":5062,"column":16},"end":{"line":5062,"column":39}},"1088":{"start":{"line":5063,"column":22},"end":{"line":5063,"column":26}},"1089":{"start":{"line":5065,"column":4},"end":{"line":5067,"column":5}},"1090":{"start":{"line":5066,"column":6},"end":{"line":5066,"column":73}},"1091":{"start":{"line":5069,"column":4},"end":{"line":5078,"column":5}},"1092":{"start":{"line":5070,"
[...]
:1,"927":0,"928":1,"929":0,"930":1,"931":0,"932":0,"933":0,"934":1,"935":0,"936":0,"937":1,"938":1,"939":1,"940":1,"941":1,"942":15,"943":1,"944":0,"945":1,"946":0,"947":1,"948":0,"949":1,"950":0,"951":1,"952":0,"953":1,"954":0,"955":0,"956":1,"957":0,"958":0,"959":0,"960":0,"961":0,"962":0,"963":0,"964":0,"965":1,"966":1,"967":0,"968":0,"969":0,"970":0,"971":0,"972":0,"973":0,"974":0,"975":0,"976":0,"977":0,"978":0,"979":0,"980":0,"981":0,"982":0,"983":0,"984":0,"985":0,"986":0,"987":0,"988":0,"989":0,"990":0,"991":0,"992":0,"993":0,"994":0,"995":0,"996":0,"997":0,"998":0,"999":0,"1000":0,"1001":0,"1002":0,"1003":0,"1004":0,"1005":0,"1006":0,"1007":0,"1008":0,"1009":0,"1010":0,"1011":0,"1012":0,"1013":0,"1014":0,"1015":0,"1016":0,"1017":0,"1018":0,"1019":0,"1020":0,"1021":0,"1022":0,"1023":0,"1024":1,"1025":1,"1026":1,"1027":1,"1028":1,"1029":0,"1030":1,"1031":1,"1032":1,"1033":0,"1034":1,"1035":0,"1036":1,"1037":0,"1038":1,"1039":0,"1040":1,"1041":0,"1042":0,"1043":1,"1044":0,"1045":0,"1046":0,"1047":0,"1048":0,"1049":0,"1050":0,"1051":0,"1052":0,"1053":0,"1054":0,"1055":0,"1056":0,"1057":0,"1058":0,"1059":0,"1060":0,"1061":0,"1062":0,"1063":1,"1064":1,"1065":0,"1066":0,"1067":0,"1068":0,"1069":0,"1070":0,"1071":1,"1072":1,"1073":1,"1074":0,"1075":0,"1076":0,"1077":1,"1078":1,"1079":0,"1080":0,"1081":0,"1082":0,"1083":0,"1084":0,"1085":0,"1086":0,"1087":0,"1088":0,"1089":0,"1090":0,"1091":0,"1092":0,"1093":0,"1094":0,"1095":0,"1096":0,"1097":0,"1098":0,"1099":0,"1100":0,"1101":0,"1102":0,"1103":0,"1104":0,"1105":1,"1106":1,"1107":1,"1108":0,"1109":0,"1110":0,"1111":0,"1112":0,"1113":0,"1114":0,"1115":0,"1116":0,"1117":0,"1118":0,"1119":0,"1120":0,"1121":0,"1122":0,"1123":0,"1124":0,"1125":0,"1126":0,"1127":0,"1128":0,"1129":0,"1130":0,"1131":0,"1132":0,"1133":0,"1134":1,"1135":1,"1136":0,"1137":0,"1138":0,"1139":0,"1140":0,"1141":0,"1142":0,"1143":0,"1144":0,"1145":0,"1146":0,"1147":0,"1148":0,"1149":0,"1150":0,"1151":0,"1152":0,"1153":0,"1154":0,"1155":0,"1156":0,"1157":0,"1158":0,"1159":0,"1160":0,"1161":0,"1162":1,"1163":1,"1164":1,"1165":0,"1166":0,"1167":0,"1168":0,"1169":0,"1170":0,"1171":0,"1172":0,"1173":0,"1174":0,"1175":0,"1176":0,"1177":0,"1178":0,"1179":0,"1180":0,"1181":0,"1182":0,"1183":0,"1184":0,"1185":0,"1186":0,"1187":0,"1188":0,"1189":0,"1190":0,"1191":1,"1192":1,"1193":1,"1194":0,"1195":0,"1196":0,"1197":0,"1198":0,"1199":0,"1200":0,"1201":0,"1202":0,"1203":0,"1204":0,"1205":0,"1206":0,"1207":0,"1208":0,"1209":0,"1210":0,"1211":0,"1212":0,"1213":0,"1214":0,"1215":0,"1216":0,"1217":0,"1218":0,"1219":0,"1220":0,"1221":0,"1222":0,"1223":0,"1224":0,"1225":0,"1226":0,"1227":0,"1228":0,"1229":0,"1230":0,"1231":0,"1232":0,"1233":0,"1234":0,"1235":0,"1236":0,"1237":1,"1238":1,"1239":0,"1240":0,"1241":0,"1242":0,"1243":0,"1244":0,"1245":0,"1246":0,"1247":0,"1248":0,"1249":0,"1250":0,"1251":0,"1252":0,"1253":0,"1254":0,"1255":0,"1256":0,"1257":0,"1258":0,"1259":0,"1260":0,"1261":0,"1262":0,"1263":0,"1264":0,"1265":0,"1266":0,"1267":0,"1268":0,"1269":0,"1270":0,"1271":0,"1272":0,"1273":0,"1274":1,"1275":0,"1276":0,"1277":1,"1278":1,"1279":0,"1280":0,"1281":0,"1282":0,"1283":0,"1284":0,"1285":0,"1286":0,"1287":0,"1288":0,"1289":0,"1290":1,"1291":1,"1292":0,"1293":0,"1294":0,"1295":0,"1296":0,"1297":0,"1298":0,"1299":0,"1300":0,"1301":1,"1302":1,"1303":0,"1304":0,"1305":0,"1306":0,"1307":1,"1308":1,"1309":1,"1310":0,"1311":0,"1312":0,"1313":0,"1314":0,"1315":0,"1316":0,"1317":0,"1318":0,"1319":0,"1320":0,"1321":0,"1322":0,"1323":0,"1324":0,"1325":0,"1326":0,"1327":0,"1328":0,"1329":0,"1330":0,"1331":0,"1332":0,"1333":0,"1334":0,"1335":0,"1336":0,"1337":0,"1338":0,"1339":0,"1340":0,"1341":0,"1342":0,"1343":0,"1344":0,"1345":0,"1346":0,"1347":0,"1348":0,"1349":0,"1350":0,"1351":0,"1352":0,"1353":0,"1354":0,"1355":0,"1356":0,"1357":0,"1358":0,"1359":0,"1360":0,"1361":0,"1362":0,"1363":0,"1364":0,"1365":0,"1366":0,"1367":0,"1368":0,"1369":0,"1370":0,"1371":0,"1372":0,"1373":0,"1374":0,"1375":0,"1376":0,"1377":0,"1378":0,"1379":0,"1380":1,"1381":1,"1382":0,"1383":0,"1384":0,"1385":0,"1386":0,"1387":0,"1388":0,"1389":0,"1390":0,"1391":0,"1392":0,"1393":0,"1394":0,"1395":0,"1396":0,"1397":0,"1398":0,"1399":0,"1400":0,"1401":0,"1402":0,"1403":0,"1404":0,"1405":0,"1406":0,"1407":0,"1408":0,"1409":0,"1410":0,"1411":0,"1412":0,"1413":0,"1414":0,"1415":0,"1416":0,"1417":0,"1418":0,"1419":0,"1420":0,"1421":0,"1422":0,"1423":0,"1424":0,"1425":0,"1426":0,"1427":0,"1428":0,"1429":0,"1430":1,"1431":1,"1432":1,"1433":0,"1434":0,"1435":0,"1436":0,"1437":0,"1438":0,"1439":1,"1440":1,"1441":1,"1442":0,"1443":0,"1444":0,"1445":0,"1446":0,"1447":0,"1448":1,"1449":1,"1450":0,"1451":0,"1452":0,"1453":0,"1454":0,"1455":0,"1456":0,"1457":0,"1458":0,"1459":0,"1460":1,"1461":1,"1462":0,"1463":0,"1464":0,"1465":0,"1466":0,"1467":0,"1468":0,"1469":0,"1470":0,"1471":0,"1472":0,"1473":0,"1474":0,"1475":0,"1476":0,"1477":0,"1478":0,"1479":0,"1480":0,"1481":0,"1482":1,"1483":0,"1484":0,"1485":0,"1486":0,"1487":0,"1488":0,"1489":0,"1490":0,"1491":0,"1492":0,"1493":0,"1494":0,"1495":0,"1496":0,"1497":0,"1498":0,"1499":0,"1500":0,"1501":0,"1502":0,"1503":0,"1504":0,"1505":0,"1506":0,"1507":0,"1508":1,"1509":0,"1510":0,"1511":0,"1512":0,"1513":0,"1514":0,"1515":0,"1516":0,"1517":0,"1518":0,"1519":0,"1520":0,"1521":0,"1522":0,"1523":0,"1524":0,"1525":0,"1526":0,"1527":0,"1528":0,"1529":1,"1530":1,"1531":0,"1532":0,"1533":0,"1534":0,"1535":0,"1536":0,"1537":0,"1538":0,"1539":0,"1540":0,"1541":0,"1542":0,"1543":0,"1544":0,"1545":0,"1546":0,"1547":0,"1548":0,"1549":0,"1550":0,"1551":0,"1552":1,"1553":1,"1554":0,"1555":0,"1556":0,"1557":0,"1558":0,"1559":0,"1560":0,"1561":0,"1562":0,"1563":0,"1564":0,"1565":0,"1566":0,"1567":0,"1568":0,"1569":0,"1570":0,"1571":0,"1572":0,"1573":0,"1574":0,"1575":1,"1576":1,"1577":0,"1578":0,"1579":0,"1580":0,"1581":0,"1582":0,"1583":0,"1584":0,"1585":0,"1586":0,"1587":0,"1588":1,"1589":1,"1590":0,"1591":0,"1592":0,"1593":1,"1594":0,"1595":0,"1596":0,"1597":1,"1598":0,"1599":0,"1600":0,"1601":1,"1602":0,"1603":0,"1604":1,"1605":1,"1606":1,"1607":1,"1608":0,"1609":0,"1610":1,"1611":1,"1612":0,"1613":0,"1614":0,"1615":0,"1616":0,"1617":0,"1618":0,"1619":0,"1620":0,"1621":0,"1622":0,"1623":0,"1624":0,"1625":0,"1626":0,"1627":0,"1628":0,"1629":0,"1630":0,"1631":0,"1632":0,"1633":0,"1634":0,"1635":0,"1636":0,"1637":1,"1638":1,"1639":1,"1640":1,"1641":1,"1642":1,"1643":0,"1644":0,"1645":1,"1646":0,"1647":0,"1648":1,"1649":0,"1650":1,"1651":0,"1652":1,"1653":0,"1654":0,"1655":1,"1656":0,"1657":0,"1658":1,"1659":0,"1660":1,"1661":0,"1662":1,"1663":0,"1664":1,"1665":0,"1666":1,"1667":0,"1668":1,"1669":0,"1670":1,"1671":0,"1672":1,"1673":0,"1674":1,"1675":0,"1676":1,"1677":0,"1678":1,"1679":0,"1680":1,"1681":0,"1682":1,"1683":0,"1684":1,"1685":0,"1686":1,"1687":0,"1688":1,"1689":0,"1690":1,"1691":0,"1692":1,"1693":0,"1694":1,"1695":0,"1696":1,"1697":0,"1698":1,"1699":0,"1700":1,"1701":0,"1702":1,"1703":0,"1704":1,"1705":0,"1706":1,"1707":0,"1708":1,"1709":0,"1710":1,"1711":0,"1712":1,"1713":0,"1714":1,"1715":0,"1716":1,"1717":0,"1718":1,"1719":0,"1720":1,"1721":0,"1722":1,"1723":0,"1724":1,"1725":0,"1726":1,"1727":0,"1728":1,"1729":0,"1730":1,"1731":0,"1732":1,"1733":0,"1734":1,"1735":0,"1736":1,"1737":0,"1738":1,"1739":0,"1740":1,"1741":0,"1742":1,"1743":0,"1744":1,"1745":0,"1746":1,"1747":0,"1748":1,"1749":0,"1750":1,"1751":0,"1752":1,"1753":0,"1754":1,"1755":0,"1756":1,"1757":0,"1758":1,"1759":0,"1760":1,"1761":0,"1762":1,"1763":0,"1764":1,"1765":0,"1766":1,"1767":0,"1768":1,"1769":0,"1770":1,"1771":0,"1772":1,"1773":0,"1774":1,"1775":0,"1776":1,"1777":0,"1778":1,"1779":0,"1780":1,"1781":0,"1782":1,"1783":0,"1784":1,"1785":0,"1786":1,"1787":0,"1788":1,"1789":0,"1790":1,"1791":0,"1792":1,"1793":0,"1794":1,"1795":0,"1796":1,"1797":0,"1798":1,"1799":0,"1800":1,"1801":0,"1802":1,"1803":0,"1804":1,"1805":0,"1806":1,"1807":0,"1808":1,"1809":0,"1810":1,"1811":0,"1812":1,"1813":0,"1814":1,"1815":0,"1816":1,"1817":0,"1818":1,"1819":0,"1820":0,"1821":0,"1822":0,"1823":0,"1824":1,"1825":0,"1826":0,"1827":0,"1828":0,"1829":1,"1830":0,"1831":0,"1832":0,"1833":0,"1834":0,"1835":0,"1836":0,"1837":0,"1838":0,"1839":0,"1840":0,"1841":0,"1842":0,"1843":0,"1844":0,"1845":0,"1846":0,"1847":0,"1848":0,"1849":0,"1850":0,"1851":1,"1852":0,"1853":1,"1854":0,"1855":1,"1856":0,"1857":1,"1858":0,"1859":1,"1860":0,"1861":1,"1862":0,"1863":1,"1864":0,"1865":1,"1866":0,"1867":1,"1868":0,"1869":1,"1870":0,"1871":1,"1872":0,"1873":1,"1874":0,"1875":1,"1876":0,"1877":1,"1878":0,"1879":1,"1880":0,"1881":1,"1882":0,"1883":1,"1884":0,"1885":1,"1886":0,"1887":1,"1888":0,"1889":1,"1890":0,"1891":0,"1892":0,"1893":0,"1894":1,"1895":0,"1896":0,"1897":0,"1898":0,"1899":0,"1900":0,"1901":0,"1902":0,"1903":1,"1904":0,"1905":0,"1906":0,"1907":0,"1908":1,"1909":0,"1910":0,"1911":0,"1912":0,"1913":0,"1914":0,"1915":0,"1916":0,"1917":1,"1918":0,"1919":0,"1920":0,"1921":0,"1922":1,"1923":0,"1924":0,"1925":0,"1926":0,"1927":0,"1928":0,"1929":0,"1930":0,"1931":1,"1932":0,"1933":0,"1934":0,"1935":0,"1936":1,"1937":0,"1938":0,"1939":0,"1940":0,"1941":0,"1942":0,"1943":0,"1944":0,"1945":1,"1946":0,"1947":0,"1948":0,"1949":0,"1950":1,"1951":0,"1952":0,"1953":0,"1954":0,"1955":0,"1956":0,"1957":0,"1958":0,"1959":1,"1960":0,"1961":0,"1962":0,"1963":0,"1964":1,"1965":0,"1966":0,"1967":0,"1968":0,"1969":0,"1970":0,"1971":0,"1972":0,"1973":1,"1974":0,"1975":0,"1976":0,"1977":0,"1978":0,"1979":0,"1980":0,"1981":0,"1982":1,"1983":0,"1984":0,"1985":1,"1986":0,"1987":1,"1988":0,"1989":1,"1990":0,"1991":1,"1992":0,"1993":1,"1994":0,"1995":1,"1996":0,"1997":1,"1998":0,"1999":1,"2000":0,"2001":1,"2002":12,"2003":12},"f":{"0":1,"1":89,"2":0,"3":0,"4":0,"5":0,"6":0,"7":1,"8":25,"9":1,"10":5,"11":1,"12":1,"13":3,"14":1,"15":0,"16":0,"17":0,"18":0,"19":0,"20":0,"21":0,"22":0,"23":0,"24":0,"25":0,"26":0,"27":0,"28":0,"29":0,"30":0,"31":0,"32":0,"33":0,"34":0,"35":0,"36":1,"37":53,"38":1,"39":0,"40":46,"41":0,"42":1,"43":50,"44":18,"45":0,"46":0,"47":0,"48":1,"49":1,"50":1,"51":1,"52":0,"53":1,"54":1,"55":1,"56":0,"57":0,"58":0,"59":0,"60":0,"61":0,"62":1,"63":0,"64":1,"65":0,"66":1,"67":0,"68":0,"69":1,"70":0,"71":1,"72":0,"73":0,"74":1,"75":1,"76":1,"77":1,"78":1,"79":1,"80":1,"81":1,"82":1,"83":1,"84":0,"85":0,"86":0,"87":0,"88":0,"89":0,"90":0,"91":0,"92":1,"93":1,"94":1,"95":0,"96":0,"97":0,"98":0,"99":1,"100":0,"101":0,"102":0,"103":0,"104":1,"105":0,"106":1,"107":0,"108":0,"109":0,"110":0,"111":0,"112":0,"113":0,"114":0,"115":0,"116":0,"117":0,"118":0,"119":0,"120":0,"121":0,"122":0,"123":0,"124":0,"125":0,"126":0,"127":0,"128":0,"129":1,"130":37,"131":2,"132":3,"133":1,"134":46,"135":0,"136":1,"137":0,"138":0,"139":0,"140":1,"141":0,"142":0,"143":0,"144":1,"145":0,"146":5,"147":8,"148":0,"149":0,"150":0,"151":0,"152":1,"153":0,"154":0,"155":0,"156":1,"157":0,"158":1,"159":0,"160":1,"161":0,"162":0,"163":0,"164":0,"165":0,"166":0,"167":1,"168":0,"169":1,"170":1,"171":4,"172":0,"173":0,"174":0,"175":0,"176":37,"177":46,"178":8,"179":0,"180":0,"181":0,"182":1,"183":0,"184":0,"185":1,"186":1,"187":15,"188":0,"189":0,"190":0,"191":0,"192":0,"193":0,"194":0,"195":0,"196":0,"197":0,"198":0,"199":0,"200":0,"201":0,"202":0,"203":0,"204":1,"205":0,"206":0,"207":0,"208":0,"209":0,"210":0,"211":0,"212":0,"213":0,"214":0,"215":0,"216":0,"217":0,"218":0,"219":0,"220":0,"221":0,"222":0,"223":0,"224":0,"225":0,"226":0,"227":0,"228":0,"229":0,"230":0,"231":0,"232":0,"233":0,"234":0,"235":0,"236":0,"237":0,"238":0,"239":0,"240":0,"241":0,"242":0,"243":0,"244":0,"245":0,"246":0,"247":0,"248":0,"249":0,"250":0,"251":0,"252":0,"253":1,"254":1,"255":1,"256":0,"257":1,"258":1,"259":0,"260":0,"261":0,"262":0,"263":0,"264":0,"265":0,"266":0,"267":0,"268":0,"269":1,"270":1,"271":0,"272":0,"273":0,"274":0,"275":0,"276":0,"277":0,"278":0,"279":0,"280":0,"281":0,"282":0,"283":0,"284":0,"285":0,"286":0,"287":0,"288":0,"289":0,"290":0,"291":0,"292":0,"293":0,"294":0,"295":0,"296":0,"297":0,"298":0,"299":0,"300":0,"301":0,"302":0,"303":0,"304":0,"305":0,"306":0,"307":0,"308":0,"309":0,"310":0,"311":0,"312":0,"313":0,"314":0,"315":0,"316":0,"317":0,"318":0,"319":0,"320":0,"321":0,"322":0,"323":0,"324":0,"325":0,"326":0,"327":0,"328":0,"329":0,"330":0,"331":0,"332":0,"333":0,"334":0,"335":0,"336":0,"337":0,"338":0,"339":0,"340":0,"341":0,"342":0,"343":0,"344":0,"345":0,"346":0,"347":0,"348":0,"349":0,"350":0,"351":0,"352":0,"353":0,"354":0,"355":0,"356":0,"357":0,"358":0,"359":0,"360":0,"361":0,"362":0,"363":0,"364":0,"365":0,"366":0,"367":0,"368":0,"369":0,"370":0,"371":0,"372":0,"373":0,"374":0,"375":0,"376":0,"377":0,"378":0,"379":0,"380":0,"381":0,"382":0,"383":0,"384":0,"385":0,"386":0,"387":0,"388":0,"389":0,"390":0,"391":0,"392":0,"393":0,"394":0,"395":0,"396":0,"397":0,"398":0,"399":0,"400":0,"401":12},"b":{"0":[48,41],"1":[0,0],"2":[0,0],"3":[0,0],"4":[25,4],"5":[19,6],"6":[5,0],"7":[3,0],"8":[0,3],"9":[0,3],"10":[12,0],"11":[12,0,0,0,0],"12":[0,0],"13":[0,0],"14":[0,0,0,0,0],"15":[0,0],"16":[0,0,0,0],"17":[0,0],"18":[0,0],"19":[0,0],"20":[0,0],"21":[0,0],"22":[0,0],"23":[0,0],"24":[0,0],"25":[0,0,0,0,0,0,0],"26":[0,0],"27":[0,0],"28":[0,0],"29":[0,0],"30":[0,0],"31":[0,0],"32":[0,0],"33":[0,0],"34":[0,0],"35":[0,0],"36":[0,0],"37":[0,0],"38":[0,0],"39":[0,0,0],"40":[0,0],"41":[0,0],"42":[0,0],"43":[0,0],"44":[0,0,0,0,0],"45":[0,0],"46":[0,0],"47":[0,0],"48":[0,0],"49":[0,0],"50":[0,0],"51":[0,0],"52":[0,0],"53":[0,0],"54":[0,0],"55":[0,0],"56":[0,0],"57":[0,0],"58":[0,0],"59":[0,0],"60":[0,0],"61":[0,0],"62":[0,0],"63":[0,0],"64":[0,0],"65":[0,0],"66":[0,0],"67":[0,0],"68":[0,0],"69":[0,0],"70":[0,0,0],"71":[0,0],"72":[0,0],"73":[0,0],"74":[53,53,53],"75":[0,46],"76":[0,0],"77":[0,50],"78":[0,18],"79":[18,18,18],"80":[0,0],"81":[0,0],"82":[0,0],"83":[0,0],"84":[3,15],"85":[18,3],"86":[0,0],"87":[0,0],"88":[0,0],"89":[0,0],"90":[0,0],"91":[0,0],"92":[1,0],"93":[0,0],"94":[0,0],"95":[0,1],"96":[1,1],"97":[1,1],"98":[1,1],"99":[1,1],"100":[1,1],"101":[1,1],"102":[1,1],"103":[1,1],"104":[1,1],"105":[1,1],"106":[0,0],"107":[0,0],"108":[0,0],"109":[0,0],"110":[0,0,0],"111":[0,0],"112":[0,0],"113":[0,0],"114":[0,0],"115":[0,0],"116":[0,0],"117":[0,0],"118":[0,0],"119":[0,0],"120":[0,0],"121":[0,0],"122":[0,0,0],"123":[0,0],"124":[0,0],"125":[0,0],"126":[0,0],"127":[0,0],"128":[0,0],"129":[0,0],"130":[0,0],"131":[0,0],"132":[0,0],"133":[0,0],"134":[0,0],"135":[0,0],"136":[0,0],"137":[0,0],"138":[0,0],"139":[0,0],"140":[0,0],"141":[0,0],"142":[0,0],"143":[0,0],"144":[0,0],"145":[0,0],"146":[0,0],"147":[0,0],"148":[0,0],"149":[0,0],"150":[0,0],"151":[1,0,0],"152":[0,0],"153":[0,0],"154":[0,0],"155":[0,0],"156":[0,0],"157":[0,0],"158":[0,0],"159":[0,0],"160":[0,0],"161":[0,0],"162":[0,0],"163":[0,0],"164":[0,0],"165":[0,0],"166":[0,0],"167":[0,0],"168":[0,0],"169":[0,0],"170":[0,0],"171":[0,0],"172":[0,0],"173":[0,0],"174":[0,0],"175":[0,0],"176":[0,0],"177":[0,0],"178":[0,0],"179":[0,0],"180":[0,0],"181":[0,0],"182":[0,0],"183":[0,0],"184":[0,0],"185":[0,0],"186":[0,0],"187":[0,0],"188":[0,0],"189":[0,0],"190":[0,0],"191":[0,0],"192":[0,1],"193":[0,0],"194":[0,0],"195":[0,0],"196":[0,0],"197":[0,0],"198":[0,0],"199":[0,0],"200":[0,0],"201":[0,0],"202":[0,0],"203":[1,0],"204":[0,0],"205":[0,0,0],"206":[0,0],"207":[0,0],"208":[0,0],"209":[0,0,0],"210":[0,0],"211":[0,0],"212":[0,0],"213":[0,0],"214":[0,0],"215":[0,0],"216":[0,0],"217":[0,0],"218":[0,0],"219":[0,0],"220":[0,0],"221":[0,0],"222":[0,0],"223":[0,0],"224":[0,0],"225":[0,0],"226":[0,0],"227":[0,0],"228":[0,0],"229":[0,0],"230":[0,0],"231":[0,0,0,0,0,0,0,0,0,0,0,0,0,0,0,0,0,0,0,0,0,0,0,0,0,0,0,0],"232":[0,0],"233":[0,0],"234":[0,0],"235":[0,0],"236":[0,0],"237":[0,0,0,0],"238":[0,0],"239":[0,0],"240":[0,0],"241":[0,0],"242":[0,0],"243":[0,0],"244":[0,0],"245":[0,0],"246":[0,0],"247":[0,0,0,0],"248":[0,0],"249":[15,22],"250":[0,3],"251":[3,0],"252":[0,3],"253":[0,0],"254":[0,0],"255":[0,0],"256":[0,0],"257":[0,0],"258":[0,0],"259":[0,0],"260":[0,0],"261":[0,0],"262":[0,0],"263":[0,0],"264":[0,5],"265":[2,6],"266":[1,7],"267":[0,0],"268":[0,0],"269":[0,0],"270":[0,0],"271":[0,0],"272":[0,0],"273":[0,0],"274":[0,0],"275":[0,0],"276":[0,0],"277":[0,0],"278":[0,0],"279":[0,0],"280":[0,0],"281":[0,0],"282":[0,0],"283":[0,0],"284":[0,0],"285":[0,0],"286":[0,0],"287":[0,0],"288":[0,0],"289":[0,0],"290":[0,0],"291":[1,0],"292":[4,4],"293":[1,0],"294":[0,1],"295":[1,0],"296":[0,1],"297":[0,1],"298":[0,0],"299":[0,0],"300":[0,0],"301":[0,0,0],"302":[0,0],"303":[0,0],"304":[0,0],"305":[0,0,0,0,0,0],"306":[0,0],"307":[0,0],"308":[0,0],"309":[0,0],"310":[0,0],"311":[0,0],"312":[0,0],"313":[0,0],"314":[0,0],"315":[0,0],"316":[0,0],"317":[0,0],"318":[0,0,0],"319":[0,1],"320":[0,0],"321":[0,0],"322":[0,0],"323":[0,0,0,0,0,0,0,0],"324":[0,0],"325":[0,0],"326":[0,0],"327":[0,0],"328":[0,0],"329":[0,0],"330":[0,0],"331":[0,0],"332":[0,0,0],"333":[0,0],"334":[0,0,0],"335":[0,0],"336":[0,0,0],"337":[0,0],"338":[0,0],"339":[0,0],"340":[0,0],"341":[0,0],"342":[0,0],"343":[0,0],"344":[0,0,0],"345":[0,0],"346":[0,0,0],"347":[0,0],"348":[0,0,0],"349":[0,0],"350":[0,0],"351":[0,0],"352":[0,0],"353":[0,0],"354":[0,0],"355":[0,0],"356":[0,0,0],"357":[0,0],"358":[0,0,0],"359":[0,0],"360":[0,0,0],"361":[0,0],"362":[0,0],"363":[0,0],"364":[0,0],"365":[0,0],"366":[0,0],"367":[0,0],"368":[0,0,0],"369":[0,0],"370":[0,0,0],"371":[0,0],"372":[0,0,0],"373":[0,0],"374":[0,0],"375":[0,0],"376":[0,0],"377":[0,0],"378":[0,0],"379":[0,0],"380":[0,0],"381":[0,0],"382":[0,0,0,0],"383":[0,0],"384":[0,0,0,0],"385":[0,0],"386":[0,0,0],"387":[0,0],"388":[0,0],"389":[0,0],"390":[0,0],"391":[0,0],"392":[0,0],"393":[0,0],"394":[0,0],"395":[0,0],"396":[0,0],"397":[0,0],"398":[0,0],"399":[0,0],"400":[0,0],"401":[0,0],"402":[0,0],"403":[0,0],"404":[0,0],"405":[0,0],"406":[0,0],"407":[0,0],"408":[0,0],"409":[0,0],"410":[0,0],"411":[0,0],"412":[0,0],"413":[0,0],"414":[0,0],"415":[0,0],"416":[0,0],"417":[0,0],"418":[0,0],"419":[0,0],"420":[0,0],"421":[0,0],"422":[0,0],"423":[0,0],"424":[0,0],"425":[0,0],"426":[0,0],"427":[0,0,0],"428":[0,0],"429":[0,0],"430":[0,0],"431":[0,0],"432":[0,0],"433":[0,0],"434":[0,0],"435":[0,0],"436":[0,0],"437":[0,0],"438":[0,0],"439":[0,0],"440":[0,0],"441":[0,0],"442":[0,0],"443":[0,0],"444":[0,0],"445":[0,0],"446":[0,0],"447":[0,0],"448":[0,0],"449":[0,0],"450":[0,0],"451":[0,0],"452":[0,0,0],"453":[0,0],"454":[0,0],"455":[0,0],"456":[0,0],"457":[0,0],"458":[0,0],"459":[0,0],"460":[0,0],"461":[0,0],"462":[0,0],"463":[0,0],"464":[0,0],"465":[0,0],"466":[0,0],"467":[0,0],"468":[0,0],"469":[0,0],"470":[0,0],"471":[0,0],"472":[0,0],"473":[0,0],"474":[0,0],"475":[0,0],"476":[0,0,0],"477":[0,0],"478":[0,0],"479":[0,0],"480":[0,0],"481":[0,0],"482":[0,0],"483":[0,0],"484":[0,0],"485":[0,0],"486":[0,0],"487":[0,0],"488":[0,0],"489":[0,0],"490":[0,0],"491":[0,0],"492":[0,0],"493":[0,0],"494":[0,0],"495":[0,0],"496":[0,0],"497":[0,0],"498":[0,0],"499":[0,0],"500":[0,0],"501":[0,0],"502":[0,0],"503":[0,0],"504":[0,0],"505":[0,0],"506":[0,0],"507":[0,0],"508":[0,0],"509":[0,0],"510":[0,0],"511":[0,0],"512":[0,0],"513":[0,0],"514":[0,0],"515":[0,0],"516":[0,0],"517":[0,0],"518":[0,0],"519":[0,0],"520":[0,0],"521":[0,0],"522":[0,0],"523":[0,0],"524":[0,0],"525":[0,0],"526":[0,0],"527":[0,0],"528":[0,0],"529":[0,0],"530":[0,0],"531":[0,0],"532":[0,0],"533":[0,0],"534":[0,0],"535":[0,0],"536":[0,0],"537":[0,0],"538":[0,0,0,0,0],"539":[0,0],"540":[0,0],"541":[0,0],"542":[0,0],"543":[0,0],"544":[0,0],"545":[0,0,0,0,0,0,0,0,0],"546":[0,0],"547":[0,0],"548":[0,0],"549":[0,0],"550":[0,0],"551":[0,0],"552":[0,0],"553":[0,0],"554":[0,0],"555":[0,0],"556":[0,0],"557":[0,0],"558":[0,0],"559":[0,0],"560":[0,0],"561":[0,0],"562":[0,0],"563":[0,0],"564":[0,0],"565":[0,0],"566":[0,0],"567":[0,0],"568":[0,0],"569":[0,0],"570":[0,0],"571":[0,0],"572":[0,0],"573":[0,0],"574":[0,0],"575":[0,0],"576":[0,0],"577":[0,0],"578":[0,0],"579":[0,0],"580":[0,0]},"_coverageSchema":"332fd63041d2c1bcb487cc26dd0d5f7d97098a6c","hash":"760366ae0703f8c1adf4d237e76f722c23642293","contentHash":"a44cf6aab0ecf1d490d629342cba943e_11.4.1"}}